TN:
SF:/Users/vivek/ws/blueocean/blueocean-dashboard/src/main/js/AdminNavLink.jsx
FN:1,(anonymous_0)
FN:1,defineProperties
FN:1,(anonymous_2)
FN:1,_interopRequireDefault
FN:1,_classCallCheck
FN:1,_possibleConstructorReturn
FN:1,_inherits
FN:3,(anonymous_7)
FN:3,AdminNavLink
FN:3,render
FNF:10
FNH:0
FNDA:0,(anonymous_0)
FNDA:0,defineProperties
FNDA:0,(anonymous_2)
FNDA:0,_interopRequireDefault
FNDA:0,_classCallCheck
FNDA:0,_possibleConstructorReturn
FNDA:0,_inherits
FNDA:0,(anonymous_7)
FNDA:0,AdminNavLink
FNDA:0,render
DA:1,0
DA:3,0
DA:5,0
DA:6,0
LF:4
LH:0
BRDA:1,0,0,0
BRDA:1,0,1,0
BRDA:1,1,0,0
BRDA:1,1,1,0
BRDA:1,2,0,0
BRDA:1,2,1,0
BRDA:1,3,0,0
BRDA:1,3,1,0
BRDA:1,4,0,0
BRDA:1,4,1,0
BRDA:1,5,0,0
BRDA:1,5,1,0
BRDA:1,6,0,0
BRDA:1,6,1,0
BRDA:1,7,0,0
BRDA:1,7,1,0
BRDA:1,8,0,0
BRDA:1,8,1,0
BRDA:1,9,0,0
BRDA:1,9,1,0
BRDA:1,9,2,0
BRDA:1,10,0,0
BRDA:1,10,1,0
BRDA:1,11,0,0
BRDA:1,11,1,0
BRDA:1,12,0,0
BRDA:1,12,1,0
BRDA:1,13,0,0
BRDA:1,13,1,0
BRDA:1,14,0,0
BRDA:1,14,1,0
BRDA:3,15,0,0
BRDA:3,15,1,0
BRF:33
BRH:0
end_of_record
TN:
SF:/Users/vivek/ws/blueocean/blueocean-dashboard/src/main/js/Capabilities.js
FNF:0
FNH:0
DA:2,5
DA:3,5
DA:4,5
DA:5,5
DA:6,5
LF:5
LH:5
BRF:0
BRH:0
end_of_record
TN:
SF:/Users/vivek/ws/blueocean/blueocean-dashboard/src/main/js/Dashboard.jsx
FN:1,(anonymous_0)
FN:1,defineProperties
FN:1,(anonymous_2)
FN:3,_interopRequireDefault
FN:3,_classCallCheck
FN:3,_possibleConstructorReturn
FN:3,_inherits
FN:11,(anonymous_7)
FN:13,Dashboard
FN:18,getChildContext
FN:23,render
FN:44,(anonymous_11)
FNF:12
FNH:0
FNDA:0,(anonymous_0)
FNDA:0,defineProperties
FNDA:0,(anonymous_2)
FNDA:0,_interopRequireDefault
FNDA:0,_classCallCheck
FNDA:0,_possibleConstructorReturn
FNDA:0,_inherits
FNDA:0,(anonymous_7)
FNDA:0,Dashboard
FNDA:0,getChildContext
FNDA:0,render
FNDA:0,(anonymous_11)
DA:1,0
DA:2,0
DA:3,0
DA:11,0
DA:13,0
DA:15,0
DA:16,0
DA:17,0
DA:18,0
DA:20,0
DA:21,0
DA:22,0
DA:26,0
DA:27,0
DA:30,0
DA:36,0
DA:43,0
DA:44,0
LF:18
LH:0
BRDA:1,0,0,0
BRDA:1,0,1,0
BRDA:1,1,0,0
BRDA:1,1,1,0
BRDA:1,2,0,0
BRDA:1,2,1,0
BRDA:1,3,0,0
BRDA:1,3,1,0
BRDA:3,4,0,0
BRDA:3,4,1,0
BRDA:3,5,0,0
BRDA:3,5,1,0
BRDA:3,6,0,0
BRDA:3,6,1,0
BRDA:3,7,0,0
BRDA:3,7,1,0
BRDA:3,8,0,0
BRDA:3,8,1,0
BRDA:3,9,0,0
BRDA:3,9,1,0
BRDA:3,9,2,0
BRDA:3,10,0,0
BRDA:3,10,1,0
BRDA:3,11,0,0
BRDA:3,11,1,0
BRDA:3,12,0,0
BRDA:3,12,1,0
BRDA:3,13,0,0
BRDA:3,13,1,0
BRDA:3,14,0,0
BRDA:3,14,1,0
BRDA:13,15,0,0
BRDA:13,15,1,0
BRF:33
BRH:0
end_of_record
TN:
SF:/Users/vivek/ws/blueocean/blueocean-dashboard/src/main/js/PipelineRoutes.jsx
FN:16,_interopRequireDefault
FN:21,getBackgroundElement
FN:29,cleanupCopy
FN:49,discardPersistedBackground
FN:62,persistModalBackground
FN:78,isEnteringRunDetails
FN:82,isLeavingRunDetails
FN:86,isPersistBackgroundRoute
FN:90,isRemovePersistedBackgroundRoute
FN:100,persistBackgroundOnNavigationChange
FN:112,onLeaveCheckBackground
FNF:11
FNH:0
FNDA:0,_interopRequireDefault
FNDA:0,getBackgroundElement
FNDA:0,cleanupCopy
FNDA:0,discardPersistedBackground
FNDA:0,persistModalBackground
FNDA:0,isEnteringRunDetails
FNDA:0,isLeavingRunDetails
FNDA:0,isPersistBackgroundRoute
FNDA:0,isRemovePersistedBackgroundRoute
FNDA:0,persistBackgroundOnNavigationChange
FNDA:0,onLeaveCheckBackground
DA:1,0
DA:2,0
DA:3,0
DA:4,0
DA:16,0
DA:22,0
DA:30,0
DA:31,0
DA:32,0
DA:33,0
DA:34,0
DA:35,0
DA:37,0
DA:38,0
DA:39,0
DA:50,0
DA:51,0
DA:52,0
DA:53,0
DA:54,0
DA:55,0
DA:63,0
DA:64,0
DA:65,0
DA:66,0
DA:67,0
DA:68,0
DA:69,0
DA:70,0
DA:71,0
DA:72,0
DA:73,0
DA:74,0
DA:75,0
DA:79,0
DA:83,0
DA:87,0
DA:91,0
DA:100,0
DA:101,0
DA:102,0
DA:103,0
DA:105,0
DA:107,0
DA:108,0
DA:113,0
DA:114,0
LF:47
LH:0
BRDA:16,0,0,0
BRDA:16,0,1,0
BRDA:16,1,0,0
BRDA:16,1,1,0
BRDA:32,2,0,0
BRDA:32,2,1,0
BRDA:32,3,0,0
BRDA:32,3,1,0
BRDA:35,4,0,0
BRDA:35,4,1,0
BRDA:35,5,0,0
BRDA:35,5,1,0
BRDA:38,6,0,0
BRDA:38,6,1,0
BRDA:51,7,0,0
BRDA:51,7,1,0
BRDA:79,8,0,0
BRDA:79,8,1,0
BRDA:79,8,2,0
BRDA:83,9,0,0
BRDA:83,9,1,0
BRDA:83,9,2,0
BRDA:100,10,0,0
BRDA:100,10,1,0
BRDA:100,11,0,0
BRDA:100,11,1,0
BRDA:101,12,0,0
BRDA:101,12,1,0
BRDA:103,13,0,0
BRDA:103,13,1,0
BRDA:107,14,0,0
BRDA:107,14,1,0
BRF:32
BRH:0
end_of_record
TN:
SF:/Users/vivek/ws/blueocean/blueocean-dashboard/src/main/js/PipelineStore.jsx
FNF:0
FNH:0
DA:1,0
LF:1
LH:0
BRF:0
BRH:0
end_of_record
TN:
SF:/Users/vivek/ws/blueocean/blueocean-dashboard/src/main/js/config.js
FN:9,(anonymous_0)
FN:22,getJenkinsRootURL
FN:29,getRestRoot
FNF:3
FNH:1
FNDA:0,(anonymous_0)
FNDA:2,getJenkinsRootURL
FNDA:0,getRestRoot
DA:9,3
DA:10,0
DA:13,0
DA:15,0
DA:16,0
DA:19,0
DA:22,3
DA:23,2
DA:24,0
DA:26,2
DA:29,3
DA:30,0
LF:12
LH:5
BRDA:15,0,0,0
BRDA:15,0,1,0
BRDA:23,1,0,0
BRDA:23,1,1,2
BRF:4
BRH:1
end_of_record
TN:
SF:/Users/vivek/ws/blueocean/blueocean-dashboard/src/main/js/components/Activity.jsx
FN:26,extractLatestRecord
FN:44,(anonymous_1)
FN:54,(anonymous_2)
FN:64,(anonymous_3)
FN:65,(anonymous_4)
FN:73,(anonymous_5)
FN:77,(anonymous_6)
FN:88,(anonymous_7)
FN:104,(anonymous_8)
FN:154,(anonymous_9)
FN:195,(anonymous_10)
FNF:11
FNH:7
FNDA:15,extractLatestRecord
FNDA:4,(anonymous_1)
FNDA:0,(anonymous_2)
FNDA:4,(anonymous_3)
FNDA:4,(anonymous_4)
FNDA:8,(anonymous_5)
FNDA:0,(anonymous_6)
FNDA:4,(anonymous_7)
FNDA:0,(anonymous_8)
FNDA:0,(anonymous_9)
FNDA:15,(anonymous_10)
DA:24,1
DA:27,15
DA:28,15
DA:30,15
DA:31,6
DA:34,15
DA:45,4
DA:46,4
DA:47,4
DA:48,4
DA:49,4
DA:51,4
DA:55,0
DA:56,0
DA:57,0
DA:58,0
DA:59,0
DA:65,4
DA:66,4
DA:67,4
DA:68,0
DA:74,8
DA:78,0
DA:79,0
DA:80,0
DA:81,0
DA:82,0
DA:83,0
DA:85,0
DA:89,4
DA:90,4
DA:91,4
DA:93,4
DA:94,0
DA:97,4
DA:98,4
DA:99,4
DA:101,4
DA:102,4
DA:104,4
DA:105,0
DA:106,0
DA:109,4
DA:113,4
DA:123,4
DA:124,3
DA:125,0
DA:127,3
DA:128,0
DA:129,0
DA:130,0
DA:131,0
DA:132,0
DA:133,0
DA:138,4
DA:139,4
DA:141,4
DA:142,4
DA:143,4
DA:144,4
DA:145,4
DA:146,4
DA:147,4
DA:148,4
DA:150,4
DA:154,0
DA:160,4
DA:166,4
DA:167,0
DA:170,4
DA:179,4
DA:196,15
DA:209,4
DA:224,1
DA:232,1
LF:75
LH:50
BRDA:30,0,0,6
BRDA:30,0,1,9
BRDA:30,1,0,15
BRDA:30,1,1,15
BRDA:45,2,0,4
BRDA:45,2,1,0
BRDA:55,3,0,0
BRDA:55,3,1,0
BRDA:55,4,0,0
BRDA:55,4,1,0
BRDA:66,5,0,4
BRDA:66,5,1,0
BRDA:66,6,0,4
BRDA:66,6,1,4
BRDA:67,7,0,0
BRDA:67,7,1,4
BRDA:74,8,0,8
BRDA:74,8,1,8
BRDA:74,9,0,8
BRDA:74,9,1,8
BRDA:82,10,0,0
BRDA:82,10,1,0
BRDA:93,11,0,0
BRDA:93,11,1,4
BRDA:102,12,0,4
BRDA:102,12,1,4
BRDA:109,13,0,4
BRDA:109,13,1,4
BRDA:113,14,0,4
BRDA:113,14,1,4
BRDA:123,15,0,3
BRDA:123,15,1,1
BRDA:124,16,0,0
BRDA:124,16,1,3
BRDA:124,17,0,3
BRDA:124,17,1,0
BRDA:127,18,0,0
BRDA:127,18,1,3
BRDA:127,19,0,3
BRDA:127,19,1,3
BRDA:128,20,0,0
BRDA:128,20,1,0
BRDA:130,21,0,0
BRDA:130,21,1,0
BRDA:138,22,0,4
BRDA:138,22,1,4
BRDA:138,22,2,4
BRDA:148,23,0,0
BRDA:148,23,1,4
BRDA:150,24,0,4
BRDA:150,24,1,0
BRDA:166,25,0,0
BRDA:166,25,1,4
BRDA:179,26,0,4
BRDA:179,26,1,3
BRDA:185,27,0,3
BRDA:185,27,1,0
BRDA:213,28,0,4
BRDA:213,28,1,3
BRDA:213,28,2,0
BRDA:213,28,3,0
BRDA:216,29,0,4
BRDA:216,29,1,4
BRDA:216,29,2,3
BRF:64
BRH:41
end_of_record
TN:
SF:/Users/vivek/ws/blueocean/blueocean-dashboard/src/main/js/components/BranchDetailsRow.jsx
FN:1,(anonymous_0)
FN:1,defineProperties
FN:1,(anonymous_2)
FN:1,(anonymous_3)
FN:15,_interopRequireDefault
FN:15,_toConsumableArray
FN:15,_objectWithoutProperties
FN:15,_classCallCheck
FN:15,_possibleConstructorReturn
FN:15,_inherits
FN:18,sortByOrdinal
FN:19,(anonymous_11)
FN:31,noRun
FN:57,(anonymous_13)
FN:57,BranchDetailsRowRenderer
FN:57,render
FN:118,(anonymous_16)
FN:118,BranchDetailsRow
FN:118,render
FN:138,openRunDetails
FNF:20
FNH:0
FNDA:0,(anonymous_0)
FNDA:0,defineProperties
FNDA:0,(anonymous_2)
FNDA:0,(anonymous_3)
FNDA:0,_interopRequireDefault
FNDA:0,_toConsumableArray
FNDA:0,_objectWithoutProperties
FNDA:0,_classCallCheck
FNDA:0,_possibleConstructorReturn
FNDA:0,_inherits
FNDA:0,sortByOrdinal
FNDA:0,(anonymous_11)
FNDA:0,noRun
FNDA:0,(anonymous_13)
FNDA:0,BranchDetailsRowRenderer
FNDA:0,render
FNDA:0,(anonymous_16)
FNDA:0,BranchDetailsRow
FNDA:0,render
FNDA:0,openRunDetails
DA:1,0
DA:2,0
DA:9,0
DA:10,0
DA:11,0
DA:12,0
DA:14,0
DA:15,0
DA:19,0
DA:20,0
DA:21,0
DA:22,0
DA:23,0
DA:24,0
DA:26,0
DA:28,0
DA:32,0
DA:33,0
DA:34,0
DA:48,0
DA:57,0
DA:70,0
DA:72,0
DA:76,0
DA:77,0
DA:80,0
DA:87,0
DA:102,0
DA:105,0
DA:118,0
DA:130,0
DA:133,0
DA:134,0
DA:137,0
DA:138,0
DA:140,0
DA:141,0
DA:143,0
DA:144,0
DA:145,0
DA:147,0
DA:148,0
DA:151,0
DA:159,0
DA:163,0
DA:171,0
DA:188,0
DA:202,0
DA:204,0
DA:212,0
LF:50
LH:0
BRDA:1,0,0,0
BRDA:1,0,1,0
BRDA:1,1,0,0
BRDA:1,1,1,0
BRDA:1,2,0,0
BRDA:1,2,1,0
BRDA:1,3,0,0
BRDA:1,3,1,0
BRDA:1,4,0,0
BRDA:1,4,1,0
BRDA:1,5,0,0
BRDA:1,5,1,0
BRDA:15,6,0,0
BRDA:15,6,1,0
BRDA:15,7,0,0
BRDA:15,7,1,0
BRDA:15,8,0,0
BRDA:15,8,1,0
BRDA:15,9,0,0
BRDA:15,9,1,0
BRDA:15,10,0,0
BRDA:15,10,1,0
BRDA:15,11,0,0
BRDA:15,11,1,0
BRDA:15,12,0,0
BRDA:15,12,1,0
BRDA:15,13,0,0
BRDA:15,13,1,0
BRDA:15,14,0,0
BRDA:15,14,1,0
BRDA:15,14,2,0
BRDA:15,15,0,0
BRDA:15,15,1,0
BRDA:15,16,0,0
BRDA:15,16,1,0
BRDA:15,17,0,0
BRDA:15,17,1,0
BRDA:15,18,0,0
BRDA:15,18,1,0
BRDA:15,19,0,0
BRDA:15,19,1,0
BRDA:20,20,0,0
BRDA:20,20,1,0
BRDA:20,21,0,0
BRDA:20,21,1,0
BRDA:21,22,0,0
BRDA:21,22,1,0
BRDA:22,23,0,0
BRDA:22,23,1,0
BRDA:23,24,0,0
BRDA:23,24,1,0
BRDA:57,25,0,0
BRDA:57,25,1,0
BRDA:70,26,0,0
BRDA:70,26,1,0
BRDA:76,27,0,0
BRDA:76,27,1,0
BRDA:90,28,0,0
BRDA:90,28,1,0
BRDA:118,29,0,0
BRDA:118,29,1,0
BRDA:118,30,0,0
BRDA:118,30,1,0
BRDA:133,31,0,0
BRDA:133,31,1,0
BRDA:133,32,0,0
BRDA:133,32,1,0
BRDA:144,33,0,0
BRDA:144,33,1,0
BRDA:152,34,0,0
BRDA:152,34,1,0
BRF:71
BRH:0
end_of_record
TN:
SF:/Users/vivek/ws/blueocean/blueocean-dashboard/src/main/js/components/Capability.jsx
FN:8,(anonymous_0)
FN:10,(anonymous_1)
FN:48,(anonymous_2)
FN:48,(anonymous_3)
FN:49,(anonymous_4)
FN:57,(anonymous_5)
FN:66,(anonymous_6)
FN:72,(anonymous_7)
FN:76,(anonymous_8)
FN:82,(anonymous_9)
FN:86,(anonymous_10)
FNF:11
FNH:4
FNDA:0,(anonymous_0)
FNDA:0,(anonymous_1)
FNDA:1,(anonymous_2)
FNDA:1,(anonymous_3)
FNDA:2,(anonymous_4)
FNDA:0,(anonymous_5)
FNDA:0,(anonymous_6)
FNDA:0,(anonymous_7)
FNDA:0,(anonymous_8)
FNDA:0,(anonymous_9)
FNDA:2,(anonymous_10)
DA:9,0
DA:10,0
DA:13,0
DA:48,1
DA:50,2
DA:52,2
DA:58,0
DA:59,0
DA:61,0
DA:62,0
DA:65,0
DA:66,0
DA:67,0
DA:73,0
DA:79,0
DA:80,0
DA:81,0
DA:82,0
DA:87,2
DA:91,2
DA:92,2
DA:93,0
DA:96,2
DA:97,2
DA:100,2
DA:101,2
DA:102,2
DA:108,0
LF:28
LH:11
BRDA:9,0,0,0
BRDA:9,0,1,0
BRDA:61,1,0,0
BRDA:61,1,1,0
BRDA:79,2,0,0
BRDA:79,2,1,0
BRDA:92,3,0,0
BRDA:92,3,1,2
BRDA:92,4,0,2
BRDA:92,4,1,2
BRDA:96,5,0,2
BRDA:96,5,1,0
BRDA:101,6,0,2
BRDA:101,6,1,0
BRDA:101,7,0,2
BRDA:101,7,1,0
BRF:16
BRH:6
end_of_record
TN:
SF:/Users/vivek/ws/blueocean/blueocean-dashboard/src/main/js/components/CellLink.js
FN:9,CellRow
FN:14,(anonymous_1)
FN:29,CellLink
FNF:3
FNH:2
FNDA:1,CellRow
FNDA:6,(anonymous_1)
FNDA:0,CellLink
DA:10,1
DA:14,6
DA:20,2
DA:30,0
DA:31,0
DA:33,0
DA:40,2
LF:7
LH:4
BRDA:30,0,0,0
BRDA:30,0,1,0
BRDA:31,1,0,0
BRDA:31,1,1,0
BRF:4
BRH:0
end_of_record
TN:
SF:/Users/vivek/ws/blueocean/blueocean-dashboard/src/main/js/components/ChangeSetToAuthors.jsx
FN:1,(anonymous_0)
FN:1,defineProperties
FN:1,(anonymous_2)
FN:2,_interopRequireDefault
FN:2,_toConsumableArray
FN:2,_classCallCheck
FN:2,_possibleConstructorReturn
FN:2,_inherits
FN:4,(anonymous_8)
FN:6,ChangeSetToAuthors
FN:10,componentDidMount
FN:15,componentDidUpdate
FN:21,componentWillUnmount
FN:25,condense
FN:32,render
FN:36,(anonymous_15)
FN:49,(anonymous_16)
FNF:17
FNH:0
FNDA:0,(anonymous_0)
FNDA:0,defineProperties
FNDA:0,(anonymous_2)
FNDA:0,_interopRequireDefault
FNDA:0,_toConsumableArray
FNDA:0,_classCallCheck
FNDA:0,_possibleConstructorReturn
FNDA:0,_inherits
FNDA:0,(anonymous_8)
FNDA:0,ChangeSetToAuthors
FNDA:0,componentDidMount
FNDA:0,componentDidUpdate
FNDA:0,componentWillUnmount
FNDA:0,condense
FNDA:0,render
FNDA:0,(anonymous_15)
FNDA:0,(anonymous_16)
DA:1,0
DA:2,0
DA:4,0
DA:6,0
DA:8,0
DA:9,0
DA:10,0
DA:13,0
DA:14,0
DA:18,0
DA:19,0
DA:24,0
DA:28,0
DA:29,0
DA:30,0
DA:35,0
DA:36,0
DA:37,0
DA:40,0
DA:41,0
DA:42,0
DA:43,0
DA:48,0
DA:49,0
DA:53,0
DA:57,0
DA:60,0
DA:63,0
DA:65,0
LF:29
LH:0
BRDA:1,0,0,0
BRDA:1,0,1,0
BRDA:1,1,0,0
BRDA:1,1,1,0
BRDA:1,2,0,0
BRDA:1,2,1,0
BRDA:1,3,0,0
BRDA:1,3,1,0
BRDA:2,4,0,0
BRDA:2,4,1,0
BRDA:2,5,0,0
BRDA:2,5,1,0
BRDA:2,6,0,0
BRDA:2,6,1,0
BRDA:2,7,0,0
BRDA:2,7,1,0
BRDA:2,8,0,0
BRDA:2,8,1,0
BRDA:2,9,0,0
BRDA:2,9,1,0
BRDA:2,10,0,0
BRDA:2,10,1,0
BRDA:2,10,2,0
BRDA:2,11,0,0
BRDA:2,11,1,0
BRDA:2,12,0,0
BRDA:2,12,1,0
BRDA:2,13,0,0
BRDA:2,13,1,0
BRDA:2,14,0,0
BRDA:2,14,1,0
BRDA:2,15,0,0
BRDA:2,15,1,0
BRDA:6,16,0,0
BRDA:6,16,1,0
BRDA:18,17,0,0
BRDA:18,17,1,0
BRDA:29,18,0,0
BRDA:29,18,1,0
BRDA:29,19,0,0
BRDA:29,19,1,0
BRDA:36,20,0,0
BRDA:36,20,1,0
BRDA:36,21,0,0
BRDA:36,21,1,0
BRDA:40,22,0,0
BRDA:40,22,1,0
BRDA:40,23,0,0
BRDA:40,23,1,0
BRDA:42,24,0,0
BRDA:42,24,1,0
BRF:51
BRH:0
end_of_record
TN:
SF:/Users/vivek/ws/blueocean/blueocean-dashboard/src/main/js/components/ColumnFilter.jsx
FN:11,(anonymous_0)
FN:16,(anonymous_1)
FN:22,(anonymous_2)
FN:33,(anonymous_3)
FN:37,(anonymous_4)
FN:42,(anonymous_5)
FN:48,(anonymous_6)
FN:54,(anonymous_7)
FN:60,(anonymous_8)
FN:78,(anonymous_9)
FN:79,(anonymous_10)
FN:80,(anonymous_11)
FN:81,(anonymous_12)
FN:88,(anonymous_13)
FN:89,(anonymous_14)
FN:90,(anonymous_15)
FN:91,(anonymous_16)
FN:92,(anonymous_17)
FN:93,(anonymous_18)
FN:100,(anonymous_19)
FNF:20
FNH:0
FNDA:0,(anonymous_0)
FNDA:0,(anonymous_1)
FNDA:0,(anonymous_2)
FNDA:0,(anonymous_3)
FNDA:0,(anonymous_4)
FNDA:0,(anonymous_5)
FNDA:0,(anonymous_6)
FNDA:0,(anonymous_7)
FNDA:0,(anonymous_8)
FNDA:0,(anonymous_9)
FNDA:0,(anonymous_10)
FNDA:0,(anonymous_11)
FNDA:0,(anonymous_12)
FNDA:0,(anonymous_13)
FNDA:0,(anonymous_14)
FNDA:0,(anonymous_15)
FNDA:0,(anonymous_16)
FNDA:0,(anonymous_17)
FNDA:0,(anonymous_18)
FNDA:0,(anonymous_19)
DA:12,0
DA:13,0
DA:17,0
DA:18,0
DA:23,0
DA:24,0
DA:26,0
DA:29,0
DA:34,0
DA:38,0
DA:39,0
DA:43,0
DA:49,0
DA:50,0
DA:55,0
DA:56,0
DA:61,0
DA:62,0
DA:64,0
DA:69,0
DA:78,0
DA:79,0
DA:80,0
DA:81,0
DA:88,0
DA:89,0
DA:90,0
DA:91,0
DA:92,0
DA:94,0
DA:100,0
DA:107,1
LF:32
LH:1
BRDA:17,0,0,0
BRDA:17,0,1,0
BRDA:26,1,0,0
BRDA:26,1,1,0
BRDA:26,2,0,0
BRDA:26,2,1,0
BRDA:26,2,2,0
BRDA:26,2,3,0
BRDA:49,3,0,0
BRDA:49,3,1,0
BRDA:49,4,0,0
BRDA:49,4,1,0
BRDA:49,4,2,0
BRDA:55,5,0,0
BRDA:55,5,1,0
BRDA:55,6,0,0
BRDA:55,6,1,0
BRDA:55,6,2,0
BRDA:69,7,0,0
BRDA:69,7,1,0
BRDA:69,8,0,0
BRDA:69,8,1,0
BRDA:77,9,0,0
BRDA:77,9,1,0
BRDA:90,10,0,0
BRDA:90,10,1,0
BRDA:91,11,0,0
BRDA:91,11,1,0
BRDA:94,12,0,0
BRDA:94,12,1,0
BRF:30
BRH:0
end_of_record
TN:
SF:/Users/vivek/ws/blueocean/blueocean-dashboard/src/main/js/components/CreatePipelineLink.js
FN:9,CreatePipelineLink
FNF:1
FNH:0
FNDA:0,CreatePipelineLink
DA:7,1
DA:10,0
DA:11,0
DA:13,0
DA:14,0
DA:16,0
LF:6
LH:1
BRDA:10,0,0,0
BRDA:10,0,1,0
BRDA:14,1,0,0
BRDA:14,1,1,0
BRF:4
BRH:0
end_of_record
TN:
SF:/Users/vivek/ws/blueocean/blueocean-dashboard/src/main/js/components/DocumentTitle.jsx
FN:16,(anonymous_0)
FN:22,(anonymous_1)
FN:27,(anonymous_2)
FNF:3
FNH:1
FNDA:2,(anonymous_0)
FNDA:0,(anonymous_1)
FNDA:0,(anonymous_2)
DA:16,2
DA:23,0
DA:24,0
DA:29,0
LF:4
LH:1
BRDA:23,0,0,0
BRDA:23,0,1,0
BRF:2
BRH:0
end_of_record
TN:
SF:/Users/vivek/ws/blueocean/blueocean-dashboard/src/main/js/components/FullScreen.jsx
FN:1,(anonymous_0)
FN:1,defineProperties
FN:1,(anonymous_2)
FN:3,_interopRequireDefault
FN:3,_classCallCheck
FN:3,_possibleConstructorReturn
FN:3,_inherits
FN:10,(anonymous_7)
FN:12,FullScreen
FN:45,(anonymous_9)
FN:51,componentDidMount
FN:51,componentWillReceiveProps
FN:51,(anonymous_12)
FN:51,componentWillUnmount
FN:51,render
FNF:15
FNH:0
FNDA:0,(anonymous_0)
FNDA:0,defineProperties
FNDA:0,(anonymous_2)
FNDA:0,_interopRequireDefault
FNDA:0,_classCallCheck
FNDA:0,_possibleConstructorReturn
FNDA:0,_inherits
FNDA:0,(anonymous_7)
FNDA:0,FullScreen
FNDA:0,(anonymous_9)
FNDA:0,componentDidMount
FNDA:0,componentWillReceiveProps
FNDA:0,(anonymous_12)
FNDA:0,componentWillUnmount
FNDA:0,render
DA:1,0
DA:3,0
DA:5,0
DA:6,0
DA:10,0
DA:12,0
DA:13,0
DA:46,0
DA:48,0
DA:49,0
DA:51,0
DA:60,0
DA:63,0
DA:64,0
DA:67,0
DA:73,0
DA:86,0
DA:89,0
DA:97,0
LF:19
LH:0
BRDA:1,0,0,0
BRDA:1,0,1,0
BRDA:1,1,0,0
BRDA:1,1,1,0
BRDA:1,2,0,0
BRDA:1,2,1,0
BRDA:1,3,0,0
BRDA:1,3,1,0
BRDA:3,4,0,0
BRDA:3,4,1,0
BRDA:3,5,0,0
BRDA:3,5,1,0
BRDA:3,6,0,0
BRDA:3,6,1,0
BRDA:3,7,0,0
BRDA:3,7,1,0
BRDA:3,8,0,0
BRDA:3,8,1,0
BRDA:3,9,0,0
BRDA:3,9,1,0
BRDA:3,9,2,0
BRDA:3,10,0,0
BRDA:3,10,1,0
BRDA:3,11,0,0
BRDA:3,11,1,0
BRDA:3,12,0,0
BRDA:3,12,1,0
BRDA:3,13,0,0
BRDA:3,13,1,0
BRDA:3,14,0,0
BRDA:3,14,1,0
BRDA:12,15,0,0
BRDA:12,15,1,0
BRDA:48,16,0,0
BRDA:48,16,1,0
BRDA:48,17,0,0
BRDA:48,17,1,0
BRDA:51,18,0,0
BRDA:51,18,1,0
BRDA:51,19,0,0
BRDA:51,19,1,0
BRDA:51,20,0,0
BRDA:51,20,1,0
BRDA:63,21,0,0
BRDA:63,21,1,0
BRDA:63,22,0,0
BRDA:63,22,1,0
BRDA:67,23,0,0
BRDA:67,23,1,0
BRF:49
BRH:0
end_of_record
TN:
SF:/Users/vivek/ws/blueocean/blueocean-dashboard/src/main/js/components/IfCapability.jsx
FN:5,(anonymous_0)
FN:10,(anonymous_1)
FN:27,(anonymous_2)
FNF:3
FNH:1
FNDA:0,(anonymous_0)
FNDA:0,(anonymous_1)
FNDA:2,(anonymous_2)
DA:6,0
DA:9,0
DA:10,0
DA:12,0
DA:13,0
DA:16,0
DA:20,1
DA:27,2
LF:8
LH:2
BRDA:9,0,0,0
BRDA:9,0,1,0
BRDA:12,1,0,0
BRDA:12,1,1,0
BRF:4
BRH:0
end_of_record
TN:
SF:/Users/vivek/ws/blueocean/blueocean-dashboard/src/main/js/components/Lozenge.jsx
FN:8,(anonymous_0)
FNF:1
FNH:1
FNDA:1,(anonymous_0)
DA:9,1
DA:10,1
LF:2
LH:2
BRF:0
BRH:0
end_of_record
TN:
SF:/Users/vivek/ws/blueocean/blueocean-dashboard/src/main/js/components/MultiBranch.jsx
FN:1,(anonymous_0)
FN:1,defineProperties
FN:1,(anonymous_2)
FN:15,_interopRequireDefault
FN:15,_classCallCheck
FN:15,_possibleConstructorReturn
FN:15,_inherits
FN:19,(anonymous_7)
FN:19,MultiBranch
FN:22,componentWillMount
FN:34,_countExtensions
FN:35,(anonymous_11)
FN:41,render
FN:91,(anonymous_13)
FNF:14
FNH:0
FNDA:0,(anonymous_0)
FNDA:0,defineProperties
FNDA:0,(anonymous_2)
FNDA:0,_interopRequireDefault
FNDA:0,_classCallCheck
FNDA:0,_possibleConstructorReturn
FNDA:0,_inherits
FNDA:0,(anonymous_7)
FNDA:0,MultiBranch
FNDA:0,componentWillMount
FNDA:0,_countExtensions
FNDA:0,(anonymous_11)
FNDA:0,render
FNDA:0,(anonymous_13)
DA:1,0
DA:2,0
DA:6,0
DA:7,0
DA:9,0
DA:10,0
DA:11,0
DA:13,0
DA:15,0
DA:19,0
DA:22,0
DA:26,0
DA:27,0
DA:28,0
DA:30,0
DA:34,0
DA:35,0
DA:36,0
DA:37,0
DA:38,0
DA:44,0
DA:45,0
DA:46,0
DA:48,0
DA:49,0
DA:56,0
DA:59,0
DA:61,0
DA:62,0
DA:65,0
DA:67,0
DA:68,0
DA:69,0
DA:70,0
DA:71,0
DA:72,0
DA:74,0
DA:76,0
DA:86,0
DA:91,0
DA:100,0
DA:103,0
DA:109,0
DA:113,0
LF:44
LH:0
BRDA:1,0,0,0
BRDA:1,0,1,0
BRDA:1,1,0,0
BRDA:1,1,1,0
BRDA:1,2,0,0
BRDA:1,2,1,0
BRDA:1,3,0,0
BRDA:1,3,1,0
BRDA:15,4,0,0
BRDA:15,4,1,0
BRDA:15,5,0,0
BRDA:15,5,1,0
BRDA:15,6,0,0
BRDA:15,6,1,0
BRDA:15,7,0,0
BRDA:15,7,1,0
BRDA:15,8,0,0
BRDA:15,8,1,0
BRDA:15,9,0,0
BRDA:15,9,1,0
BRDA:15,9,2,0
BRDA:15,10,0,0
BRDA:15,10,1,0
BRDA:15,11,0,0
BRDA:15,11,1,0
BRDA:15,12,0,0
BRDA:15,12,1,0
BRDA:15,13,0,0
BRDA:15,13,1,0
BRDA:15,14,0,0
BRDA:15,14,1,0
BRDA:19,15,0,0
BRDA:19,15,1,0
BRDA:19,16,0,0
BRDA:19,16,1,0
BRDA:26,17,0,0
BRDA:26,17,1,0
BRDA:26,18,0,0
BRDA:26,18,1,0
BRDA:26,18,2,0
BRDA:36,19,0,0
BRDA:36,19,1,0
BRDA:36,20,0,0
BRDA:36,20,1,0
BRDA:37,21,0,0
BRDA:37,21,1,0
BRDA:48,22,0,0
BRDA:48,22,1,0
BRDA:61,23,0,0
BRDA:61,23,1,0
BRDA:61,24,0,0
BRDA:61,24,1,0
BRF:52
BRH:0
end_of_record
TN:
SF:/Users/vivek/ws/blueocean/blueocean-dashboard/src/main/js/components/PipelinePage.jsx
FN:21,(anonymous_0)
FN:35,(anonymous_1)
FN:38,(anonymous_2)
FN:45,(anonymous_3)
FN:50,(anonymous_4)
FNF:5
FNH:2
FNDA:0,(anonymous_0)
FNDA:1,(anonymous_1)
FNDA:0,(anonymous_2)
FNDA:0,(anonymous_3)
FNDA:1,(anonymous_4)
DA:17,1
DA:19,1
DA:21,1
DA:22,0
DA:23,0
DA:24,0
DA:26,0
DA:29,1
DA:36,1
DA:37,1
DA:38,1
DA:46,0
DA:51,1
DA:53,1
DA:54,1
DA:56,1
DA:58,1
DA:59,1
DA:61,1
DA:62,1
DA:63,1
DA:65,1
DA:66,0
DA:67,0
DA:70,1
DA:71,0
DA:73,1
DA:76,1
DA:78,1
DA:84,1
DA:110,1
DA:119,1
DA:127,1
LF:33
LH:25
BRDA:23,0,0,0
BRDA:23,0,1,0
BRDA:36,1,0,1
BRDA:36,1,1,0
BRDA:54,2,0,1
BRDA:56,3,0,1
BRDA:56,3,1,1
BRDA:58,4,0,1
BRDA:58,4,1,1
BRDA:59,5,0,0
BRDA:59,5,1,1
BRDA:65,6,0,0
BRDA:65,6,1,1
BRDA:65,7,0,1
BRDA:65,7,1,1
BRDA:70,8,0,0
BRDA:70,8,1,1
BRDA:84,9,0,0
BRDA:84,9,1,1
BRDA:88,10,0,0
BRDA:88,10,1,0
BRDA:113,11,0,1
BRDA:113,11,1,0
BRF:23
BRH:13
end_of_record
TN:
SF:/Users/vivek/ws/blueocean/blueocean-dashboard/src/main/js/components/PipelineRowItem.jsx
FN:10,generateRedirectURL
FN:19,(anonymous_1)
FN:36,(anonymous_2)
FNF:3
FNH:3
FNDA:3,generateRedirectURL
FNDA:4,(anonymous_1)
FNDA:3,(anonymous_2)
DA:11,3
DA:12,0
DA:14,3
DA:20,4
DA:21,4
DA:22,4
DA:23,1
DA:27,3
DA:28,2
DA:33,4
DA:37,3
DA:40,3
DA:41,0
DA:43,3
DA:54,3
DA:56,3
DA:59,3
DA:60,3
DA:61,3
DA:62,3
DA:64,3
DA:67,3
DA:68,3
DA:70,3
DA:72,0
DA:73,0
DA:74,0
DA:77,3
DA:82,3
DA:83,3
DA:85,3
DA:86,3
DA:88,3
DA:90,2
DA:92,2
DA:96,2
DA:98,2
DA:99,1
DA:103,3
DA:130,2
DA:137,2
LF:41
LH:36
BRDA:11,0,0,0
BRDA:11,0,1,3
BRDA:22,1,0,1
BRDA:22,1,1,3
BRDA:27,2,0,2
BRDA:27,2,1,1
BRDA:40,3,0,0
BRDA:40,3,1,3
BRDA:56,4,0,3
BRDA:56,4,1,2
BRDA:56,4,2,1
BRDA:64,5,0,0
BRDA:64,5,1,3
BRDA:70,6,0,0
BRDA:70,6,1,3
BRDA:88,7,0,2
BRDA:88,7,1,1
BRDA:98,8,0,1
BRDA:98,8,1,1
BRDA:107,9,0,3
BRDA:107,9,1,0
BRF:21
BRH:16
end_of_record
TN:
SF:/Users/vivek/ws/blueocean/blueocean-dashboard/src/main/js/components/PipelineRunGraph.jsx
FN:10,badNode
FN:16,convertJenkinsNodeDetails
FN:22,(anonymous_2)
FN:93,convertJenkinsNodeGraph
FN:104,(anonymous_4)
FN:127,(anonymous_5)
FN:144,(anonymous_6)
FN:150,(anonymous_7)
FN:155,(anonymous_8)
FN:161,(anonymous_9)
FN:172,(anonymous_10)
FN:190,(anonymous_11)
FN:193,(anonymous_12)
FN:199,(anonymous_13)
FN:207,(anonymous_14)
FNF:15
FNH:5
FNDA:0,badNode
FNDA:29,convertJenkinsNodeDetails
FNDA:29,(anonymous_2)
FNDA:12,convertJenkinsNodeGraph
FNDA:29,(anonymous_4)
FNDA:4,(anonymous_5)
FNDA:0,(anonymous_6)
FNDA:0,(anonymous_7)
FNDA:0,(anonymous_8)
FNDA:0,(anonymous_9)
FNDA:0,(anonymous_10)
FNDA:0,(anonymous_11)
FNDA:0,(anonymous_12)
FNDA:0,(anonymous_13)
FNDA:0,(anonymous_14)
DA:5,1
DA:6,1
DA:7,1
DA:8,1
DA:12,0
DA:13,0
DA:17,29
DA:19,0
DA:21,29
DA:22,29
DA:23,29
DA:27,6
DA:29,23
DA:32,29
DA:34,29
DA:39,29
DA:40,29
DA:42,29
DA:43,13
DA:44,13
DA:45,16
DA:46,2
DA:47,2
DA:48,14
DA:49,0
DA:50,0
DA:51,14
DA:52,2
DA:53,2
DA:54,12
DA:55,2
DA:56,2
DA:57,10
DA:58,3
DA:59,3
DA:60,7
DA:62,4
DA:63,4
DA:64,3
DA:66,3
DA:67,3
DA:69,29
DA:71,29
DA:73,29
DA:81,29
DA:82,29
DA:94,12
DA:95,6
DA:98,6
DA:99,6
DA:100,6
DA:101,6
DA:104,6
DA:105,29
DA:106,29
DA:108,29
DA:109,29
DA:110,29
DA:114,6
DA:115,6
DA:116,25
DA:118,25
DA:119,25
DA:120,25
DA:122,25
DA:124,18
DA:125,7
DA:127,4
DA:130,2
DA:131,2
DA:132,1
DA:136,25
DA:139,6
DA:145,0
DA:146,0
DA:147,0
DA:151,0
DA:152,0
DA:156,0
DA:157,0
DA:162,0
DA:163,0
DA:164,0
DA:165,0
DA:167,0
DA:173,0
DA:175,0
DA:177,0
DA:180,0
DA:182,0
DA:185,0
DA:189,0
DA:190,0
DA:191,0
DA:192,0
DA:193,0
DA:194,0
DA:196,0
DA:198,0
DA:199,0
DA:201,0
DA:208,0
DA:217,1
DA:228,1
LF:104
LH:70
BRDA:16,0,0,29
BRDA:17,1,0,0
BRDA:17,1,1,29
BRDA:17,2,0,29
BRDA:17,2,1,29
BRDA:23,3,0,3
BRDA:23,3,1,3
BRDA:23,3,2,6
BRDA:23,3,3,23
BRDA:42,4,0,13
BRDA:42,4,1,16
BRDA:45,5,0,2
BRDA:45,5,1,14
BRDA:48,6,0,0
BRDA:48,6,1,14
BRDA:51,7,0,2
BRDA:51,7,1,12
BRDA:54,8,0,2
BRDA:54,8,1,10
BRDA:57,9,0,3
BRDA:57,9,1,7
BRDA:60,10,0,4
BRDA:60,10,1,3
BRDA:60,11,0,7
BRDA:60,11,1,4
BRDA:60,11,2,2
BRDA:64,12,0,3
BRDA:64,12,1,0
BRDA:64,13,0,3
BRDA:64,13,1,1
BRDA:94,14,0,6
BRDA:94,14,1,6
BRDA:94,15,0,12
BRDA:94,15,1,8
BRDA:108,16,0,29
BRDA:108,16,1,6
BRDA:120,17,0,25
BRDA:120,17,1,0
BRDA:122,18,0,18
BRDA:122,18,1,7
BRDA:125,19,0,2
BRDA:125,19,1,5
BRDA:130,20,0,2
BRDA:130,20,1,0
BRDA:131,21,0,1
BRDA:131,21,1,1
BRDA:156,22,0,0
BRDA:156,22,1,0
BRDA:156,23,0,0
BRDA:156,23,1,0
BRDA:175,24,0,0
BRDA:175,24,1,0
BRDA:180,25,0,0
BRDA:180,25,1,0
BRDA:192,26,0,0
BRDA:192,26,1,0
BRDA:192,27,0,0
BRDA:192,27,1,0
BRDA:193,28,0,0
BRDA:193,28,1,0
BRDA:198,29,0,0
BRDA:198,29,1,0
BRDA:198,30,0,0
BRDA:198,30,1,0
BRDA:198,30,2,0
BRDA:199,31,0,0
BRDA:199,31,1,0
BRF:67
BRH:41
end_of_record
TN:
SF:/Users/vivek/ws/blueocean/blueocean-dashboard/src/main/js/components/Pipelines.jsx
FN:25,(anonymous_0)
FN:30,(anonymous_1)
FN:35,(anonymous_2)
FN:39,(anonymous_3)
FN:44,(anonymous_4)
FN:48,(anonymous_5)
FN:52,(anonymous_6)
FN:56,(anonymous_7)
FN:62,(anonymous_8)
FN:63,(anonymous_9)
FN:71,(anonymous_10)
FN:84,(anonymous_11)
FN:116,(anonymous_12)
FN:147,(anonymous_13)
FNF:14
FNH:6
FNDA:4,(anonymous_0)
FNDA:0,(anonymous_1)
FNDA:0,(anonymous_2)
FNDA:0,(anonymous_3)
FNDA:0,(anonymous_4)
FNDA:16,(anonymous_5)
FNDA:0,(anonymous_6)
FNDA:0,(anonymous_7)
FNDA:4,(anonymous_8)
FNDA:4,(anonymous_9)
FNDA:0,(anonymous_10)
FNDA:4,(anonymous_11)
FNDA:8,(anonymous_12)
FNDA:0,(anonymous_13)
DA:16,1
DA:26,4
DA:27,4
DA:31,0
DA:32,0
DA:36,0
DA:40,0
DA:41,0
DA:45,0
DA:49,16
DA:53,0
DA:57,0
DA:58,0
DA:63,4
DA:64,4
DA:65,4
DA:66,0
DA:72,0
DA:73,0
DA:74,0
DA:75,0
DA:78,0
DA:79,0
DA:85,4
DA:86,4
DA:87,4
DA:88,4
DA:90,4
DA:91,4
DA:92,4
DA:94,4
DA:100,4
DA:101,4
DA:103,4
DA:104,4
DA:105,4
DA:106,4
DA:108,4
DA:116,4
DA:117,8
DA:118,8
DA:127,4
DA:129,4
DA:147,0
DA:186,1
DA:188,1
DA:195,1
LF:47
LH:30
BRDA:49,0,0,0
BRDA:49,0,1,16
BRDA:64,1,0,4
BRDA:64,1,1,0
BRDA:64,2,0,4
BRDA:64,2,1,4
BRDA:65,3,0,0
BRDA:65,3,1,4
BRDA:72,4,0,0
BRDA:72,4,1,0
BRDA:73,5,0,0
BRDA:73,5,1,0
BRDA:78,6,0,0
BRDA:78,6,1,0
BRDA:87,7,0,4
BRDA:87,7,1,3
BRDA:88,8,0,0
BRDA:88,8,1,4
BRDA:94,9,0,4
BRDA:94,9,1,0
BRDA:100,10,0,4
BRDA:100,10,1,4
BRDA:101,11,0,4
BRDA:101,11,1,4
BRDA:101,11,2,4
BRDA:101,11,3,4
BRDA:116,12,0,4
BRDA:116,12,1,4
BRDA:122,13,0,8
BRDA:122,13,1,0
BRDA:138,14,0,4
BRDA:138,14,1,0
BRDA:138,14,2,0
BRDA:139,15,0,4
BRDA:139,15,1,0
BRDA:139,15,2,0
BRDA:147,16,0,0
BRDA:147,16,1,0
BRDA:159,17,0,4
BRDA:159,17,1,4
BRDA:166,18,0,4
BRDA:166,18,1,0
BRDA:167,19,0,4
BRDA:167,19,1,4
BRDA:167,19,2,0
BRDA:167,19,3,0
BRDA:172,20,0,4
BRDA:172,20,1,4
BRDA:178,21,0,4
BRDA:178,21,1,0
BRDA:178,21,2,4
BRF:51
BRH:29
end_of_record
TN:
SF:/Users/vivek/ws/blueocean/blueocean-dashboard/src/main/js/components/PullRequest.jsx
FN:9,noRun
FN:28,(anonymous_1)
FN:36,(anonymous_2)
FNF:3
FNH:1
FNDA:0,noRun
FNDA:3,(anonymous_1)
FNDA:0,(anonymous_2)
DA:10,0
DA:29,3
DA:30,3
DA:31,1
DA:34,2
DA:36,2
DA:37,0
DA:38,0
DA:41,2
DA:43,2
DA:44,0
DA:47,2
DA:48,2
DA:49,2
DA:51,2
DA:91,2
DA:93,2
DA:100,2
LF:18
LH:14
BRDA:13,0,0,0
BRDA:13,0,1,0
BRDA:14,1,0,0
BRDA:14,1,1,0
BRDA:30,2,0,1
BRDA:30,2,1,2
BRDA:30,3,0,3
BRDA:30,3,1,2
BRDA:30,3,2,2
BRDA:43,4,0,0
BRDA:43,4,1,2
BRDA:47,5,0,0
BRDA:47,5,1,2
BRDA:62,6,0,2
BRDA:62,6,1,0
BRDA:63,7,0,2
BRDA:63,7,1,0
BRF:17
BRH:9
end_of_record
TN:
SF:/Users/vivek/ws/blueocean/blueocean-dashboard/src/main/js/components/PullRequests.jsx
FN:18,(anonymous_0)
FN:25,(anonymous_1)
FN:68,(anonymous_2)
FNF:3
FNH:3
FNDA:2,(anonymous_0)
FNDA:2,(anonymous_1)
FNDA:1,(anonymous_2)
DA:13,1
DA:19,2
DA:20,1
DA:26,2
DA:28,2
DA:29,1
DA:36,1
DA:38,1
DA:40,1
DA:41,0
DA:44,1
DA:45,0
DA:48,1
DA:49,1
DA:50,1
DA:51,1
DA:52,1
DA:53,1
DA:55,1
DA:64,1
DA:69,1
DA:70,1
DA:86,1
DA:92,1
LF:24
LH:22
BRDA:19,0,0,1
BRDA:19,0,1,1
BRDA:19,1,0,2
BRDA:19,1,1,1
BRDA:19,1,2,1
BRDA:28,2,0,1
BRDA:28,2,1,1
BRDA:40,3,0,0
BRDA:40,3,1,1
BRDA:44,4,0,0
BRDA:44,4,1,1
BRDA:44,5,0,1
BRDA:44,5,1,1
BRF:13
BRH:11
end_of_record
TN:
SF:/Users/vivek/ws/blueocean/blueocean-dashboard/src/main/js/components/RunDetails.jsx
FN:1,(anonymous_0)
FN:1,(anonymous_1)
FN:1,defineProperties
FN:1,(anonymous_3)
FN:20,_interopRequireDefault
FN:20,_classCallCheck
FN:20,_possibleConstructorReturn
FN:20,_inherits
FN:30,classicConfigLink
FN:43,classicJobRunLink
FN:58,(anonymous_10)
FN:60,RunDetails
FN:102,(anonymous_12)
FN:110,(anonymous_13)
FN:118,(anonymous_14)
FN:134,(anonymous_15)
FN:138,(anonymous_16)
FN:149,componentWillMount
FN:149,componentWillReceiveProps
FN:150,_fetchRun
FN:150,_didRunChange
FN:150,render
FN:174,switchRunDetails
FN:212,back
FNF:24
FNH:0
FNDA:0,(anonymous_0)
FNDA:0,(anonymous_1)
FNDA:0,defineProperties
FNDA:0,(anonymous_3)
FNDA:0,_interopRequireDefault
FNDA:0,_classCallCheck
FNDA:0,_possibleConstructorReturn
FNDA:0,_inherits
FNDA:0,classicConfigLink
FNDA:0,classicJobRunLink
FNDA:0,(anonymous_10)
FNDA:0,RunDetails
FNDA:0,(anonymous_12)
FNDA:0,(anonymous_13)
FNDA:0,(anonymous_14)
FNDA:0,(anonymous_15)
FNDA:0,(anonymous_16)
FNDA:0,componentWillMount
FNDA:0,componentWillReceiveProps
FNDA:0,_fetchRun
FNDA:0,_didRunChange
FNDA:0,render
FNDA:0,switchRunDetails
FNDA:0,back
DA:1,0
DA:2,0
DA:3,0
DA:4,0
DA:6,0
DA:8,0
DA:15,0
DA:16,0
DA:17,0
DA:18,0
DA:20,0
DA:22,0
DA:24,0
DA:25,0
DA:27,0
DA:28,0
DA:30,0
DA:31,0
DA:32,0
DA:33,0
DA:34,0
DA:40,0
DA:43,0
DA:44,0
DA:45,0
DA:46,0
DA:48,0
DA:50,0
DA:58,0
DA:60,0
DA:61,0
DA:103,0
DA:104,0
DA:105,0
DA:106,0
DA:107,0
DA:108,0
DA:111,0
DA:112,0
DA:113,0
DA:114,0
DA:115,0
DA:116,0
DA:127,0
DA:129,0
DA:130,0
DA:131,0
DA:132,0
DA:135,0
DA:136,0
DA:139,0
DA:140,0
DA:142,0
DA:143,0
DA:146,0
DA:147,0
DA:149,0
DA:150,0
DA:151,0
DA:152,0
DA:154,0
DA:156,0
DA:159,0
DA:160,0
DA:161,0
DA:163,0
DA:164,0
DA:165,0
DA:168,0
DA:169,0
DA:170,0
DA:171,0
DA:172,0
DA:174,0
DA:175,0
DA:176,0
DA:179,0
DA:181,0
DA:196,0
DA:212,0
DA:218,0
DA:251,0
DA:254,0
DA:262,0
DA:270,0
LF:85
LH:0
BRDA:1,0,0,0
BRDA:1,0,1,0
BRDA:1,1,0,0
BRDA:1,1,1,0
BRDA:1,2,0,0
BRDA:1,2,1,0
BRDA:1,3,0,0
BRDA:1,3,1,0
BRDA:1,4,0,0
BRDA:1,4,1,0
BRDA:1,5,0,0
BRDA:1,5,1,0
BRDA:20,6,0,0
BRDA:20,6,1,0
BRDA:20,7,0,0
BRDA:20,7,1,0
BRDA:20,8,0,0
BRDA:20,8,1,0
BRDA:20,9,0,0
BRDA:20,9,1,0
BRDA:20,10,0,0
BRDA:20,10,1,0
BRDA:20,11,0,0
BRDA:20,11,1,0
BRDA:20,11,2,0
BRDA:20,12,0,0
BRDA:20,12,1,0
BRDA:20,13,0,0
BRDA:20,13,1,0
BRDA:20,14,0,0
BRDA:20,14,1,0
BRDA:20,15,0,0
BRDA:20,15,1,0
BRDA:20,16,0,0
BRDA:20,16,1,0
BRDA:32,17,0,0
BRDA:32,17,1,0
BRDA:45,18,0,0
BRDA:45,18,1,0
BRDA:58,19,0,0
BRDA:58,19,1,0
BRDA:60,20,0,0
BRDA:60,20,1,0
BRDA:140,21,0,0
BRDA:140,21,1,0
BRDA:149,22,0,0
BRDA:149,22,1,0
BRDA:150,23,0,0
BRDA:150,23,1,0
BRDA:150,24,0,0
BRDA:150,24,1,0
BRDA:150,25,0,0
BRDA:150,25,1,0
BRDA:150,26,0,0
BRDA:150,26,1,0
BRDA:150,26,2,0
BRDA:150,26,3,0
BRDA:154,27,0,0
BRDA:154,27,1,0
BRDA:154,28,0,0
BRDA:154,28,1,0
BRDA:163,29,0,0
BRDA:163,29,1,0
BRDA:163,30,0,0
BRDA:163,30,1,0
BRDA:171,31,0,0
BRDA:171,31,1,0
BRDA:236,32,0,0
BRDA:236,32,1,0
BRF:69
BRH:0
end_of_record
TN:
SF:/Users/vivek/ws/blueocean/blueocean-dashboard/src/main/js/components/RunDetailsArtifacts.jsx
FN:10,(anonymous_0)
FN:32,ArtifactListingLimited
FN:55,(anonymous_2)
FN:59,(anonymous_3)
FN:63,(anonymous_4)
FN:67,(anonymous_5)
FN:75,(anonymous_6)
FN:97,(anonymous_7)
FNF:8
FNH:4
FNDA:0,(anonymous_0)
FNDA:0,ArtifactListingLimited
FNDA:2,(anonymous_2)
FNDA:0,(anonymous_3)
FNDA:0,(anonymous_4)
FNDA:2,(anonymous_5)
FNDA:2,(anonymous_6)
FNDA:1,(anonymous_7)
DA:8,1
DA:9,1
DA:10,1
DA:11,0
DA:12,0
DA:13,0
DA:16,0
DA:17,0
DA:19,0
DA:26,1
DA:33,0
DA:35,0
DA:45,1
DA:56,2
DA:60,0
DA:64,0
DA:68,2
DA:69,2
DA:70,1
DA:72,1
DA:76,2
DA:78,2
DA:79,1
DA:81,1
DA:82,0
DA:83,0
DA:86,1
DA:87,1
DA:89,1
DA:95,1
DA:97,1
DA:98,1
DA:99,1
DA:100,1
DA:101,1
DA:120,1
DA:153,1
DA:157,1
LF:38
LH:26
BRDA:12,0,0,0
BRDA:12,0,1,0
BRDA:69,1,0,1
BRDA:69,1,1,1
BRDA:78,2,0,1
BRDA:78,2,1,1
BRDA:78,3,0,2
BRDA:78,3,1,1
BRDA:81,4,0,0
BRDA:81,4,1,0
BRDA:81,4,2,1
BRDA:122,5,0,1
BRDA:122,5,1,0
BRF:13
BRH:8
end_of_record
TN:
SF:/Users/vivek/ws/blueocean/blueocean-dashboard/src/main/js/components/RunDetailsChanges.jsx
FN:7,NoChangesPlaceholder
FN:34,(anonymous_1)
FN:45,(anonymous_2)
FN:69,(anonymous_3)
FNF:4
FNH:2
FNDA:0,NoChangesPlaceholder
FNDA:0,(anonymous_1)
FNDA:3,(anonymous_2)
FNDA:2,(anonymous_3)
DA:8,0
DA:10,0
DA:16,0
DA:21,0
DA:29,1
DA:34,1
DA:35,0
DA:36,0
DA:40,0
DA:46,3
DA:48,3
DA:49,1
DA:52,2
DA:54,2
DA:55,1
DA:58,1
DA:60,1
DA:67,1
DA:70,2
DA:90,1
DA:92,1
LF:21
LH:14
BRDA:35,0,0,0
BRDA:35,0,1,0
BRDA:48,1,0,1
BRDA:48,1,1,2
BRDA:54,2,0,1
BRDA:54,2,1,1
BRDA:54,3,0,2
BRDA:54,3,1,2
BRF:8
BRH:6
end_of_record
TN:
SF:/Users/vivek/ws/blueocean/blueocean-dashboard/src/main/js/components/RunDetailsHeader.jsx
FN:1,(anonymous_0)
FN:1,defineProperties
FN:1,(anonymous_2)
FN:8,_interopRequireDefault
FN:8,_classCallCheck
FN:8,_possibleConstructorReturn
FN:8,_inherits
FN:10,(anonymous_7)
FN:10,RunDetailsHeader
FN:10,componentWillMount
FN:14,componentWillReceiveProps
FN:17,_setDuration
FN:21,isRunning
FN:30,render
FN:57,isRunning
FNF:15
FNH:0
FNDA:0,(anonymous_0)
FNDA:0,defineProperties
FNDA:0,(anonymous_2)
FNDA:0,_interopRequireDefault
FNDA:0,_classCallCheck
FNDA:0,_possibleConstructorReturn
FNDA:0,_inherits
FNDA:0,(anonymous_7)
FNDA:0,RunDetailsHeader
FNDA:0,componentWillMount
FNDA:0,componentWillReceiveProps
FNDA:0,_setDuration
FNDA:0,isRunning
FNDA:0,render
FNDA:0,isRunning
DA:1,0
DA:2,0
DA:3,0
DA:4,0
DA:5,0
DA:6,0
DA:7,0
DA:8,0
DA:10,0
DA:13,0
DA:16,0
DA:20,0
DA:21,0
DA:23,0
DA:24,0
DA:28,0
DA:29,0
DA:45,0
DA:47,0
DA:48,0
DA:49,0
DA:50,0
DA:52,0
DA:55,0
DA:57,0
DA:61,0
DA:64,0
DA:65,0
DA:68,0
DA:71,0
DA:74,0
DA:75,0
DA:76,0
DA:77,0
DA:78,0
DA:79,0
DA:83,0
DA:93,0
DA:94,0
DA:97,0
DA:122,0
DA:124,0
DA:133,0
DA:148,0
DA:160,0
DA:161,0
DA:163,0
DA:187,0
DA:190,0
DA:191,0
DA:193,0
DA:208,0
DA:209,0
LF:53
LH:0
BRDA:1,0,0,0
BRDA:1,0,1,0
BRDA:1,1,0,0
BRDA:1,1,1,0
BRDA:1,2,0,0
BRDA:1,2,1,0
BRDA:1,3,0,0
BRDA:1,3,1,0
BRDA:8,4,0,0
BRDA:8,4,1,0
BRDA:8,5,0,0
BRDA:8,5,1,0
BRDA:8,6,0,0
BRDA:8,6,1,0
BRDA:8,7,0,0
BRDA:8,7,1,0
BRDA:8,8,0,0
BRDA:8,8,1,0
BRDA:8,9,0,0
BRDA:8,9,1,0
BRDA:8,9,2,0
BRDA:8,10,0,0
BRDA:8,10,1,0
BRDA:8,11,0,0
BRDA:8,11,1,0
BRDA:8,12,0,0
BRDA:8,12,1,0
BRDA:8,13,0,0
BRDA:8,13,1,0
BRDA:8,14,0,0
BRDA:8,14,1,0
BRDA:10,15,0,0
BRDA:10,15,1,0
BRDA:21,16,0,0
BRDA:21,16,1,0
BRDA:21,16,2,0
BRDA:57,17,0,0
BRDA:57,17,1,0
BRDA:71,18,0,0
BRDA:71,18,1,0
BRDA:84,19,0,0
BRDA:84,19,1,0
BRDA:84,20,0,0
BRDA:84,20,1,0
BRDA:94,21,0,0
BRDA:94,21,1,0
BRDA:99,22,0,0
BRDA:99,22,1,0
BRDA:102,23,0,0
BRDA:102,23,1,0
BRDA:102,23,2,0
BRDA:102,23,3,0
BRDA:112,24,0,0
BRDA:112,24,1,0
BRDA:112,24,2,0
BRDA:122,25,0,0
BRDA:122,25,1,0
BRDA:136,26,0,0
BRDA:136,26,1,0
BRDA:160,27,0,0
BRDA:160,27,1,0
BRDA:160,27,2,0
BRDA:160,27,3,0
BRF:63
BRH:0
end_of_record
TN:
SF:/Users/vivek/ws/blueocean/blueocean-dashboard/src/main/js/components/RunDetailsPipeline.jsx
FN:1,(anonymous_0)
FN:1,(anonymous_1)
FN:1,defineProperties
FN:1,(anonymous_3)
FN:7,_interopRequireDefault
FN:7,_classCallCheck
FN:7,_possibleConstructorReturn
FN:7,_inherits
FN:11,(anonymous_8)
FN:12,RunDetailsPipeline
FN:16,componentWillMount
FN:22,componentDidMount
FN:29,componentWillReceiveProps
FN:41,componentWillUnmount
FN:47,_handleKeys
FN:55,_onScrollHandler
FN:60,augment
FN:66,render
FNF:18
FNH:0
FNDA:0,(anonymous_0)
FNDA:0,(anonymous_1)
FNDA:0,defineProperties
FNDA:0,(anonymous_3)
FNDA:0,_interopRequireDefault
FNDA:0,_classCallCheck
FNDA:0,_possibleConstructorReturn
FNDA:0,_inherits
FNDA:0,(anonymous_8)
FNDA:0,RunDetailsPipeline
FNDA:0,componentWillMount
FNDA:0,componentDidMount
FNDA:0,componentWillReceiveProps
FNDA:0,componentWillUnmount
FNDA:0,_handleKeys
FNDA:0,_onScrollHandler
FNDA:0,augment
FNDA:0,render
DA:1,0
DA:2,0
DA:3,0
DA:4,0
DA:5,0
DA:7,0
DA:9,0
DA:11,0
DA:12,0
DA:14,0
DA:15,0
DA:16,0
DA:18,0
DA:19,0
DA:20,0
DA:24,0
DA:25,0
DA:26,0
DA:27,0
DA:31,0
DA:32,0
DA:33,0
DA:34,0
DA:36,0
DA:37,0
DA:39,0
DA:43,0
DA:44,0
DA:48,0
DA:49,0
DA:50,0
DA:56,0
DA:57,0
DA:58,0
DA:63,0
DA:64,0
DA:65,0
DA:68,0
DA:69,0
DA:70,0
DA:81,0
DA:82,0
DA:83,0
DA:84,0
DA:92,0
DA:93,0
DA:101,0
DA:104,0
DA:106,0
DA:112,0
DA:115,0
LF:51
LH:0
BRDA:1,0,0,0
BRDA:1,0,1,0
BRDA:1,1,0,0
BRDA:1,1,1,0
BRDA:1,2,0,0
BRDA:1,2,1,0
BRDA:1,3,0,0
BRDA:1,3,1,0
BRDA:1,4,0,0
BRDA:1,4,1,0
BRDA:1,5,0,0
BRDA:1,5,1,0
BRDA:7,6,0,0
BRDA:7,6,1,0
BRDA:7,7,0,0
BRDA:7,7,1,0
BRDA:7,8,0,0
BRDA:7,8,1,0
BRDA:7,9,0,0
BRDA:7,9,1,0
BRDA:7,10,0,0
BRDA:7,10,1,0
BRDA:7,11,0,0
BRDA:7,11,1,0
BRDA:7,11,2,0
BRDA:7,12,0,0
BRDA:7,12,1,0
BRDA:7,13,0,0
BRDA:7,13,1,0
BRDA:7,14,0,0
BRDA:7,14,1,0
BRDA:7,15,0,0
BRDA:7,15,1,0
BRDA:7,16,0,0
BRDA:7,16,1,0
BRDA:11,17,0,0
BRDA:11,17,1,0
BRDA:12,18,0,0
BRDA:12,18,1,0
BRDA:18,19,0,0
BRDA:18,19,1,0
BRDA:25,20,0,0
BRDA:25,20,1,0
BRDA:31,21,0,0
BRDA:31,21,1,0
BRDA:34,22,0,0
BRDA:34,22,1,0
BRDA:34,23,0,0
BRDA:34,23,1,0
BRDA:34,23,2,0
BRDA:48,24,0,0
BRDA:48,24,1,0
BRDA:48,25,0,0
BRDA:48,25,1,0
BRDA:56,26,0,0
BRDA:56,26,1,0
BRDA:56,27,0,0
BRDA:56,27,1,0
BRDA:64,28,0,0
BRDA:64,28,1,0
BRDA:64,28,2,0
BRDA:64,28,3,0
BRDA:71,29,0,0
BRDA:71,29,1,0
BRDA:71,29,2,0
BRDA:82,30,0,0
BRDA:82,30,1,0
BRDA:83,31,0,0
BRDA:83,31,1,0
BRDA:92,32,0,0
BRDA:92,32,1,0
BRDA:92,33,0,0
BRDA:92,33,1,0
BRF:73
BRH:0
end_of_record
TN:
SF:/Users/vivek/ws/blueocean/blueocean-dashboard/src/main/js/components/RunDetailsRow.jsx
FN:31,(anonymous_0)
FN:37,(anonymous_1)
FNF:2
FNH:1
FNDA:0,(anonymous_0)
FNDA:2,(anonymous_1)
DA:32,0
DA:33,0
DA:34,0
DA:46,2
DA:48,2
DA:49,0
DA:52,2
DA:53,2
DA:59,2
DA:66,2
DA:67,2
DA:68,2
DA:73,2
DA:74,0
DA:77,2
DA:127,1
DA:138,1
DA:143,1
DA:144,1
LF:19
LH:14
BRDA:48,0,0,0
BRDA:48,0,1,2
BRDA:48,1,0,2
BRDA:48,1,1,2
BRDA:52,2,0,0
BRDA:52,2,1,2
BRDA:66,3,0,2
BRDA:66,3,1,2
BRDA:66,3,2,2
BRDA:67,4,0,2
BRDA:67,4,1,0
BRDA:73,5,0,0
BRDA:73,5,1,2
BRDA:89,6,0,2
BRDA:89,6,1,0
BRF:15
BRH:10
end_of_record
TN:
SF:/Users/vivek/ws/blueocean/blueocean-dashboard/src/main/js/components/RunDetailsTests.jsx
FN:1,(anonymous_0)
FN:1,defineProperties
FN:1,(anonymous_2)
FN:6,_interopRequireDefault
FN:6,_classCallCheck
FN:6,_possibleConstructorReturn
FN:6,_inherits
FN:11,(anonymous_7)
FN:11,RunDetailsTests
FN:24,componentWillMount
FN:29,render
FNF:11
FNH:0
FNDA:0,(anonymous_0)
FNDA:0,defineProperties
FNDA:0,(anonymous_2)
FNDA:0,_interopRequireDefault
FNDA:0,_classCallCheck
FNDA:0,_possibleConstructorReturn
FNDA:0,_inherits
FNDA:0,(anonymous_7)
FNDA:0,RunDetailsTests
FNDA:0,componentWillMount
FNDA:0,render
DA:1,0
DA:2,0
DA:4,0
DA:5,0
DA:6,0
DA:11,0
DA:24,0
DA:28,0
DA:32,0
DA:34,0
DA:35,0
DA:36,0
DA:48,0
DA:50,0
DA:51,0
LF:15
LH:0
BRDA:1,0,0,0
BRDA:1,0,1,0
BRDA:1,1,0,0
BRDA:1,1,1,0
BRDA:1,2,0,0
BRDA:1,2,1,0
BRDA:1,3,0,0
BRDA:1,3,1,0
BRDA:6,4,0,0
BRDA:6,4,1,0
BRDA:6,5,0,0
BRDA:6,5,1,0
BRDA:6,6,0,0
BRDA:6,6,1,0
BRDA:6,7,0,0
BRDA:6,7,1,0
BRDA:6,8,0,0
BRDA:6,8,1,0
BRDA:6,9,0,0
BRDA:6,9,1,0
BRDA:6,9,2,0
BRDA:6,10,0,0
BRDA:6,10,1,0
BRDA:6,11,0,0
BRDA:6,11,1,0
BRDA:6,12,0,0
BRDA:6,12,1,0
BRDA:6,13,0,0
BRDA:6,13,1,0
BRDA:6,14,0,0
BRDA:6,14,1,0
BRDA:11,15,0,0
BRDA:11,15,1,0
BRDA:35,16,0,0
BRDA:35,16,1,0
BRDA:35,17,0,0
BRDA:35,17,1,0
BRF:37
BRH:0
end_of_record
TN:
SF:/Users/vivek/ws/blueocean/blueocean-dashboard/src/main/js/components/RunHistoryButton.jsx
FN:7,(anonymous_0)
FNF:1
FNH:0
FNDA:0,(anonymous_0)
DA:7,2
DA:8,0
DA:9,0
DA:11,0
DA:18,2
LF:5
LH:2
BRF:0
BRH:0
end_of_record
TN:
SF:/Users/vivek/ws/blueocean/blueocean-dashboard/src/main/js/components/RunIdCell.jsx
FN:3,RunIdCell
FNF:1
FNH:1
FNDA:2,RunIdCell
DA:4,2
DA:5,2
DA:8,1
LF:3
LH:3
BRDA:4,0,0,1
BRDA:4,0,1,1
BRF:2
BRH:2
end_of_record
TN:
SF:/Users/vivek/ws/blueocean/blueocean-dashboard/src/main/js/components/RunMessageCell.jsx
FN:10,(anonymous_0)
FNF:1
FNH:1
FNDA:8,(anonymous_0)
DA:11,8
DA:12,8
DA:18,8
DA:22,8
DA:25,8
DA:27,8
DA:28,1
DA:29,7
DA:30,3
DA:31,3
DA:32,1
DA:39,2
DA:40,4
DA:42,3
DA:43,3
DA:45,1
DA:47,2
LF:17
LH:17
BRDA:18,0,0,8
BRDA:18,0,1,7
BRDA:22,1,0,8
BRDA:22,1,1,7
BRDA:22,1,2,5
BRDA:22,1,3,5
BRDA:22,1,4,4
BRDA:22,1,5,4
BRDA:25,2,0,8
BRDA:25,2,1,7
BRDA:25,2,2,6
BRDA:27,3,0,1
BRDA:27,3,1,7
BRDA:29,4,0,3
BRDA:29,4,1,4
BRDA:31,5,0,1
BRDA:31,5,1,2
BRDA:40,6,0,3
BRDA:40,6,1,1
BRF:19
BRH:19
end_of_record
TN:
SF:/Users/vivek/ws/blueocean/blueocean-dashboard/src/main/js/components/RunningIndicator.jsx
FN:1,(anonymous_0)
FN:1,defineProperties
FN:1,(anonymous_2)
FN:2,_interopRequireDefault
FN:2,_classCallCheck
FN:2,_possibleConstructorReturn
FN:2,_inherits
FN:9,(anonymous_7)
FN:10,RunningIndicator
FN:14,(anonymous_9)
FN:26,componentDidMount
FN:29,componentWillUnmount
FN:36,render
FNF:13
FNH:0
FNDA:0,(anonymous_0)
FNDA:0,defineProperties
FNDA:0,(anonymous_2)
FNDA:0,_interopRequireDefault
FNDA:0,_classCallCheck
FNDA:0,_possibleConstructorReturn
FNDA:0,_inherits
FNDA:0,(anonymous_7)
FNDA:0,RunningIndicator
FNDA:0,(anonymous_9)
FNDA:0,componentDidMount
FNDA:0,componentWillUnmount
FNDA:0,render
DA:1,0
DA:2,0
DA:4,0
DA:9,0
DA:10,0
DA:12,0
DA:13,0
DA:14,0
DA:15,0
DA:16,0
DA:17,0
DA:19,0
DA:21,0
DA:26,0
DA:28,0
DA:31,0
DA:38,0
DA:43,0
DA:46,0
DA:49,0
LF:20
LH:0
BRDA:1,0,0,0
BRDA:1,0,1,0
BRDA:1,1,0,0
BRDA:1,1,1,0
BRDA:1,2,0,0
BRDA:1,2,1,0
BRDA:1,3,0,0
BRDA:1,3,1,0
BRDA:2,4,0,0
BRDA:2,4,1,0
BRDA:2,5,0,0
BRDA:2,5,1,0
BRDA:2,6,0,0
BRDA:2,6,1,0
BRDA:2,7,0,0
BRDA:2,7,1,0
BRDA:2,8,0,0
BRDA:2,8,1,0
BRDA:2,9,0,0
BRDA:2,9,1,0
BRDA:2,9,2,0
BRDA:2,10,0,0
BRDA:2,10,1,0
BRDA:2,11,0,0
BRDA:2,11,1,0
BRDA:2,12,0,0
BRDA:2,12,1,0
BRDA:2,13,0,0
BRDA:2,13,1,0
BRDA:2,14,0,0
BRDA:2,14,1,0
BRDA:10,15,0,0
BRDA:10,15,1,0
BRDA:12,16,0,0
BRDA:12,16,1,0
BRDA:15,17,0,0
BRDA:15,17,1,0
BRF:37
BRH:0
end_of_record
TN:
SF:/Users/vivek/ws/blueocean/blueocean-dashboard/src/main/js/components/ScrollHelper.jsx
FN:15,(anonymous_0)
FN:17,(anonymous_1)
FN:27,(anonymous_2)
FN:37,(anonymous_3)
FN:39,(anonymous_4)
FN:39,(anonymous_5)
FNF:6
FNH:1
FNDA:1,(anonymous_0)
FNDA:0,(anonymous_1)
FNDA:0,(anonymous_2)
FNDA:0,(anonymous_3)
FNDA:0,(anonymous_4)
FNDA:0,(anonymous_5)
DA:15,1
DA:18,0
DA:19,0
DA:20,0
DA:21,0
DA:28,0
DA:29,0
DA:30,0
DA:31,0
DA:32,0
DA:39,0
DA:41,0
LF:12
LH:1
BRDA:20,0,0,0
BRDA:20,0,1,0
BRDA:29,1,0,0
BRDA:29,1,1,0
BRDA:31,2,0,0
BRDA:31,2,1,0
BRDA:39,3,0,0
BRF:7
BRH:0
end_of_record
TN:
SF:/Users/vivek/ws/blueocean/blueocean-dashboard/src/main/js/components/index.jsx
FN:10,_interopRequireDefault
FNF:1
FNH:0
FNDA:0,_interopRequireDefault
DA:1,0
DA:2,0
DA:3,0
DA:4,0
DA:5,0
DA:6,0
DA:7,0
DA:8,0
DA:9,0
DA:10,0
DA:13,0
DA:14,0
DA:15,0
DA:16,0
DA:17,0
DA:18,0
DA:19,0
DA:20,0
DA:21,0
LF:19
LH:0
BRDA:10,0,0,0
BRDA:10,0,1,0
BRDA:10,1,0,0
BRDA:10,1,1,0
BRF:4
BRH:0
end_of_record
TN:
SF:/Users/vivek/ws/blueocean/blueocean-dashboard/src/main/js/components/records.jsx
FN:27,(anonymous_0)
FN:106,(anonymous_1)
FN:111,(anonymous_2)
FN:115,(anonymous_3)
FN:119,(anonymous_4)
FN:123,(anonymous_5)
FNF:6
FNH:0
FNDA:0,(anonymous_0)
FNDA:0,(anonymous_1)
FNDA:0,(anonymous_2)
FNDA:0,(anonymous_3)
FNDA:0,(anonymous_4)
FNDA:0,(anonymous_5)
DA:5,7
DA:28,0
DA:32,7
DA:48,7
DA:57,7
DA:69,7
DA:107,0
DA:112,0
DA:116,0
DA:120,0
DA:124,0
DA:125,0
DA:127,0
DA:131,7
DA:143,7
LF:15
LH:7
BRDA:124,0,0,0
BRDA:124,0,1,0
BRF:2
BRH:0
end_of_record
TN:
SF:/Users/vivek/ws/blueocean/blueocean-dashboard/src/main/js/components/karaoke/index.js
FNF:0
FNH:0
DA:3,1
DA:5,1
DA:9,1
DA:18,1
DA:45,1
LF:5
LH:5
BRF:0
BRH:0
end_of_record
TN:
SF:/Users/vivek/ws/blueocean/blueocean-dashboard/src/main/js/components/karaoke/components/FreeStyle.jsx
FN:1,(anonymous_0)
FN:1,defineProperties
FN:1,(anonymous_2)
FN:6,_interopRequireDefault
FN:6,_classCallCheck
FN:6,_possibleConstructorReturn
FN:6,_inherits
FN:11,(anonymous_7)
FN:11,FreeStyle
FN:15,componentWillMount
FN:25,componentWillReceiveProps
FN:40,componentWillUnmount
FN:43,stopKaraoke
FN:47,fetchData
FN:51,render
FNF:15
FNH:0
FNDA:0,(anonymous_0)
FNDA:0,defineProperties
FNDA:0,(anonymous_2)
FNDA:0,_interopRequireDefault
FNDA:0,_classCallCheck
FNDA:0,_possibleConstructorReturn
FNDA:0,_inherits
FNDA:0,(anonymous_7)
FNDA:0,FreeStyle
FNDA:0,componentWillMount
FNDA:0,componentWillReceiveProps
FNDA:0,componentWillUnmount
FNDA:0,stopKaraoke
FNDA:0,fetchData
FNDA:0,render
DA:1,0
DA:2,0
DA:3,0
DA:4,0
DA:5,0
DA:6,0
DA:8,0
DA:11,0
DA:17,0
DA:18,0
DA:27,0
DA:28,0
DA:29,0
DA:30,0
DA:31,0
DA:33,0
DA:37,0
DA:38,0
DA:42,0
DA:45,0
DA:46,0
DA:49,0
DA:50,0
DA:53,0
DA:54,0
DA:55,0
DA:57,0
DA:58,0
DA:59,0
DA:60,0
DA:78,0
DA:81,0
LF:32
LH:0
BRDA:1,0,0,0
BRDA:1,0,1,0
BRDA:1,1,0,0
BRDA:1,1,1,0
BRDA:1,2,0,0
BRDA:1,2,1,0
BRDA:1,3,0,0
BRDA:1,3,1,0
BRDA:6,4,0,0
BRDA:6,4,1,0
BRDA:6,5,0,0
BRDA:6,5,1,0
BRDA:6,6,0,0
BRDA:6,6,1,0
BRDA:6,7,0,0
BRDA:6,7,1,0
BRDA:6,8,0,0
BRDA:6,8,1,0
BRDA:6,9,0,0
BRDA:6,9,1,0
BRDA:6,9,2,0
BRDA:6,10,0,0
BRDA:6,10,1,0
BRDA:6,11,0,0
BRDA:6,11,1,0
BRDA:6,12,0,0
BRDA:6,12,1,0
BRDA:6,13,0,0
BRDA:6,13,1,0
BRDA:6,14,0,0
BRDA:6,14,1,0
BRDA:11,15,0,0
BRDA:11,15,1,0
BRDA:11,16,0,0
BRDA:11,16,1,0
BRDA:17,17,0,0
BRDA:17,17,1,0
BRDA:27,18,0,0
BRDA:27,18,1,0
BRDA:27,19,0,0
BRDA:27,19,1,0
BRDA:28,20,0,0
BRDA:28,20,1,0
BRDA:28,21,0,0
BRDA:28,21,1,0
BRDA:30,22,0,0
BRDA:30,22,1,0
BRDA:33,23,0,0
BRDA:33,23,1,0
BRDA:34,24,0,0
BRDA:34,24,1,0
BRDA:34,24,2,0
BRDA:34,24,3,0
BRDA:53,25,0,0
BRDA:53,25,1,0
BRF:55
BRH:0
end_of_record
TN:
SF:/Users/vivek/ws/blueocean/blueocean-dashboard/src/main/js/components/karaoke/components/InputStep.jsx
FN:18,(anonymous_0)
FN:40,(anonymous_1)
FN:50,(anonymous_2)
FN:58,(anonymous_3)
FN:79,(anonymous_4)
FN:87,(anonymous_5)
FN:93,(anonymous_6)
FN:99,(anonymous_7)
FN:111,(anonymous_8)
FN:120,(anonymous_9)
FN:122,(anonymous_10)
FN:123,(anonymous_11)
FNF:12
FNH:0
FNDA:0,(anonymous_0)
FNDA:0,(anonymous_1)
FNDA:0,(anonymous_2)
FNDA:0,(anonymous_3)
FNDA:0,(anonymous_4)
FNDA:0,(anonymous_5)
FNDA:0,(anonymous_6)
FNDA:0,(anonymous_7)
FNDA:0,(anonymous_8)
FNDA:0,(anonymous_9)
FNDA:0,(anonymous_10)
FNDA:0,(anonymous_11)
DA:18,1
DA:19,0
DA:25,1
DA:26,1
DA:41,0
DA:42,0
DA:43,0
DA:51,0
DA:59,0
DA:61,0
DA:62,0
DA:66,0
DA:67,0
DA:80,0
DA:81,0
DA:88,0
DA:89,0
DA:90,0
DA:94,0
DA:96,0
DA:97,0
DA:99,0
DA:100,0
DA:101,0
DA:102,0
DA:103,0
DA:104,0
DA:105,0
DA:109,0
DA:110,0
DA:111,0
DA:115,0
DA:120,0
DA:122,0
DA:123,0
DA:133,1
DA:135,1
DA:140,1
LF:38
LH:6
BRDA:61,0,0,0
BRDA:61,0,1,0
BRDA:62,1,0,0
BRDA:96,2,0,0
BRDA:96,2,1,0
BRDA:101,3,0,0
BRDA:101,3,1,0
BRF:7
BRH:0
end_of_record
TN:
SF:/Users/vivek/ws/blueocean/blueocean-dashboard/src/main/js/components/karaoke/components/LogConsole.jsx
FN:16,(anonymous_0)
FN:27,(anonymous_1)
FN:35,(anonymous_2)
FN:43,(anonymous_3)
FN:48,(anonymous_4)
FN:52,(anonymous_5)
FN:58,(anonymous_6)
FN:66,(anonymous_7)
FN:80,(anonymous_8)
FN:93,(anonymous_9)
FN:102,(anonymous_10)
FN:111,(anonymous_11)
FN:117,(anonymous_12)
FN:148,(anonymous_13)
FN:155,(anonymous_14)
FNF:15
FNH:0
FNDA:0,(anonymous_0)
FNDA:0,(anonymous_1)
FNDA:0,(anonymous_2)
FNDA:0,(anonymous_3)
FNDA:0,(anonymous_4)
FNDA:0,(anonymous_5)
FNDA:0,(anonymous_6)
FNDA:0,(anonymous_7)
FNDA:0,(anonymous_8)
FNDA:0,(anonymous_9)
FNDA:0,(anonymous_10)
FNDA:0,(anonymous_11)
FNDA:0,(anonymous_12)
FNDA:0,(anonymous_13)
FNDA:0,(anonymous_14)
DA:7,1
DA:8,1
DA:9,1
DA:10,1
DA:12,1
DA:17,0
DA:18,0
DA:19,0
DA:24,0
DA:29,0
DA:30,0
DA:31,0
DA:36,0
DA:38,0
DA:39,0
DA:41,0
DA:42,0
DA:43,0
DA:44,0
DA:49,0
DA:53,0
DA:54,0
DA:59,0
DA:60,0
DA:61,0
DA:63,0
DA:64,0
DA:65,0
DA:66,0
DA:67,0
DA:70,0
DA:71,0
DA:74,0
DA:82,0
DA:83,0
DA:84,0
DA:86,0
DA:91,0
DA:92,0
DA:93,0
DA:94,0
DA:97,0
DA:99,0
DA:103,0
DA:104,0
DA:105,0
DA:110,0
DA:111,0
DA:112,0
DA:114,0
DA:118,0
DA:119,0
DA:120,0
DA:121,0
DA:122,0
DA:124,0
DA:131,0
DA:148,0
DA:156,0
DA:157,0
DA:170,1
DA:171,1
LF:62
LH:7
BRDA:29,0,0,0
BRDA:29,0,1,0
BRDA:38,1,0,0
BRDA:38,1,1,0
BRDA:39,2,0,0
BRDA:39,2,1,0
BRDA:61,3,0,0
BRDA:61,3,1,0
BRDA:61,4,0,0
BRDA:61,4,1,0
BRDA:82,5,0,0
BRDA:82,5,1,0
BRDA:91,6,0,0
BRDA:91,6,1,0
BRDA:110,7,0,0
BRDA:110,7,1,0
BRDA:110,8,0,0
BRDA:110,8,1,0
BRDA:112,9,0,0
BRDA:112,9,1,0
BRDA:119,10,0,0
BRDA:119,11,0,0
BRDA:120,12,0,0
BRDA:120,12,1,0
BRDA:132,13,0,0
BRDA:132,13,1,0
BRDA:137,14,0,0
BRDA:137,14,1,0
BRDA:138,15,0,0
BRDA:138,15,1,0
BRDA:148,16,0,0
BRDA:148,16,1,0
BRDA:153,17,0,0
BRDA:153,17,1,0
BRDA:156,18,0,0
BRDA:156,18,1,0
BRF:36
BRH:0
end_of_record
TN:
SF:/Users/vivek/ws/blueocean/blueocean-dashboard/src/main/js/components/karaoke/components/LogToolbar.jsx
FN:1,(anonymous_0)
FN:1,(anonymous_1)
FN:1,defineProperties
FN:1,(anonymous_3)
FN:3,_interopRequireDefault
FN:3,_classCallCheck
FN:3,_possibleConstructorReturn
FN:3,_inherits
FN:7,(anonymous_8)
FN:7,LogToolbar
FN:7,render
FNF:11
FNH:0
FNDA:0,(anonymous_0)
FNDA:0,(anonymous_1)
FNDA:0,defineProperties
FNDA:0,(anonymous_3)
FNDA:0,_interopRequireDefault
FNDA:0,_classCallCheck
FNDA:0,_possibleConstructorReturn
FNDA:0,_inherits
FNDA:0,(anonymous_8)
FNDA:0,LogToolbar
FNDA:0,render
DA:1,0
DA:2,0
DA:3,0
DA:5,0
DA:7,0
DA:9,0
DA:11,0
DA:12,0
DA:14,0
DA:15,0
DA:16,0
DA:39,0
DA:42,0
LF:13
LH:0
BRDA:1,0,0,0
BRDA:1,0,1,0
BRDA:1,1,0,0
BRDA:1,1,1,0
BRDA:1,2,0,0
BRDA:1,2,1,0
BRDA:1,3,0,0
BRDA:1,3,1,0
BRDA:1,4,0,0
BRDA:1,4,1,0
BRDA:1,5,0,0
BRDA:1,5,1,0
BRDA:3,6,0,0
BRDA:3,6,1,0
BRDA:3,7,0,0
BRDA:3,7,1,0
BRDA:3,8,0,0
BRDA:3,8,1,0
BRDA:3,9,0,0
BRDA:3,9,1,0
BRDA:3,10,0,0
BRDA:3,10,1,0
BRDA:3,11,0,0
BRDA:3,11,1,0
BRDA:3,11,2,0
BRDA:3,12,0,0
BRDA:3,12,1,0
BRDA:3,13,0,0
BRDA:3,13,1,0
BRDA:3,14,0,0
BRDA:3,14,1,0
BRDA:3,15,0,0
BRDA:3,15,1,0
BRDA:3,16,0,0
BRDA:3,16,1,0
BRDA:7,17,0,0
BRDA:7,17,1,0
BRDA:11,18,0,0
BRDA:11,18,1,0
BRDA:14,19,0,0
BRDA:14,19,1,0
BRF:41
BRH:0
end_of_record
TN:
SF:/Users/vivek/ws/blueocean/blueocean-dashboard/src/main/js/components/karaoke/components/Pipeline.jsx
FN:1,(anonymous_0)
FN:1,defineProperties
FN:1,(anonymous_2)
FN:13,_interopRequireDefault
FN:13,_classCallCheck
FN:13,_possibleConstructorReturn
FN:13,_inherits
FN:17,(anonymous_7)
FN:18,Pipeline
FN:28,componentWillMount
FN:35,componentDidMount
FN:45,componentWillReceiveProps
FN:67,(anonymous_12)
FN:83,componentWillUnmount
FN:94,stopKaraoke
FN:105,sseEventHandler
FN:127,(anonymous_16)
FN:141,(anonymous_17)
FN:163,render
FN:195,afterClick
FN:198,(anonymous_20)
FNF:21
FNH:0
FNDA:0,(anonymous_0)
FNDA:0,defineProperties
FNDA:0,(anonymous_2)
FNDA:0,_interopRequireDefault
FNDA:0,_classCallCheck
FNDA:0,_possibleConstructorReturn
FNDA:0,_inherits
FNDA:0,(anonymous_7)
FNDA:0,Pipeline
FNDA:0,componentWillMount
FNDA:0,componentDidMount
FNDA:0,componentWillReceiveProps
FNDA:0,(anonymous_12)
FNDA:0,componentWillUnmount
FNDA:0,stopKaraoke
FNDA:0,sseEventHandler
FNDA:0,(anonymous_16)
FNDA:0,(anonymous_17)
FNDA:0,render
FNDA:0,afterClick
FNDA:0,(anonymous_20)
DA:1,0
DA:2,0
DA:3,0
DA:4,0
DA:5,0
DA:6,0
DA:7,0
DA:8,0
DA:9,0
DA:10,0
DA:11,0
DA:13,0
DA:14,0
DA:17,0
DA:18,0
DA:20,0
DA:21,0
DA:23,0
DA:24,0
DA:25,0
DA:26,0
DA:27,0
DA:28,0
DA:31,0
DA:32,0
DA:33,0
DA:38,0
DA:39,0
DA:46,0
DA:48,0
DA:49,0
DA:50,0
DA:52,0
DA:59,0
DA:60,0
DA:62,0
DA:63,0
DA:64,0
DA:65,0
DA:67,0
DA:68,0
DA:69,0
DA:70,0
DA:72,0
DA:76,0
DA:77,0
DA:78,0
DA:85,0
DA:86,0
DA:87,0
DA:88,0
DA:90,0
DA:91,0
DA:92,0
DA:97,0
DA:98,0
DA:99,0
DA:106,0
DA:108,0
DA:109,0
DA:110,0
DA:111,0
DA:112,0
DA:113,0
DA:116,0
DA:117,0
DA:118,0
DA:120,0
DA:122,0
DA:123,0
DA:124,0
DA:126,0
DA:127,0
DA:128,0
DA:129,0
DA:132,0
DA:133,0
DA:140,0
DA:141,0
DA:142,0
DA:143,0
DA:144,0
DA:146,0
DA:150,0
DA:151,0
DA:154,0
DA:159,0
DA:160,0
DA:164,0
DA:165,0
DA:167,0
DA:169,0
DA:170,0
DA:171,0
DA:172,0
DA:173,0
DA:180,0
DA:181,0
DA:182,0
DA:183,0
DA:185,0
DA:186,0
DA:187,0
DA:195,0
DA:196,0
DA:197,0
DA:198,0
DA:200,0
DA:201,0
DA:202,0
DA:203,0
DA:206,0
DA:207,0
DA:208,0
DA:209,0
DA:212,0
DA:214,0
DA:215,0
DA:218,0
DA:219,0
DA:220,0
DA:222,0
DA:223,0
DA:224,0
DA:226,0
DA:227,0
DA:228,0
DA:230,0
DA:235,0
DA:236,0
DA:237,0
DA:238,0
DA:291,0
DA:294,0
LF:134
LH:0
BRDA:1,0,0,0
BRDA:1,0,1,0
BRDA:1,1,0,0
BRDA:1,1,1,0
BRDA:1,2,0,0
BRDA:1,2,1,0
BRDA:1,3,0,0
BRDA:1,3,1,0
BRDA:13,4,0,0
BRDA:13,4,1,0
BRDA:13,5,0,0
BRDA:13,5,1,0
BRDA:13,6,0,0
BRDA:13,6,1,0
BRDA:13,7,0,0
BRDA:13,7,1,0
BRDA:13,8,0,0
BRDA:13,8,1,0
BRDA:13,9,0,0
BRDA:13,9,1,0
BRDA:13,9,2,0
BRDA:13,10,0,0
BRDA:13,10,1,0
BRDA:13,11,0,0
BRDA:13,11,1,0
BRDA:13,12,0,0
BRDA:13,12,1,0
BRDA:13,13,0,0
BRDA:13,13,1,0
BRDA:13,14,0,0
BRDA:13,14,1,0
BRDA:17,15,0,0
BRDA:17,15,1,0
BRDA:18,16,0,0
BRDA:18,16,1,0
BRDA:23,17,0,0
BRDA:23,17,1,0
BRDA:25,18,0,0
BRDA:25,18,1,0
BRDA:31,19,0,0
BRDA:31,19,1,0
BRDA:48,20,0,0
BRDA:48,20,1,0
BRDA:59,21,0,0
BRDA:59,21,1,0
BRDA:59,22,0,0
BRDA:59,22,1,0
BRDA:59,22,2,0
BRDA:59,22,3,0
BRDA:63,23,0,0
BRDA:63,23,1,0
BRDA:68,24,0,0
BRDA:68,24,1,0
BRDA:76,25,0,0
BRDA:76,25,1,0
BRDA:86,26,0,0
BRDA:86,26,1,0
BRDA:90,27,0,0
BRDA:90,27,1,0
BRDA:110,28,0,0
BRDA:110,28,1,0
BRDA:116,29,0,0
BRDA:116,29,1,0
BRDA:120,30,0,0
BRDA:120,30,1,0
BRDA:120,30,2,0
BRDA:120,30,3,0
BRDA:120,30,4,0
BRDA:120,30,5,0
BRDA:120,30,6,0
BRDA:122,31,0,0
BRDA:122,31,1,0
BRDA:143,32,0,0
BRDA:143,32,1,0
BRDA:159,33,0,0
BRDA:159,33,1,0
BRDA:167,34,0,0
BRDA:167,34,1,0
BRDA:167,34,2,0
BRDA:169,35,0,0
BRDA:169,35,1,0
BRDA:169,35,2,0
BRDA:171,36,0,0
BRDA:171,36,1,0
BRDA:181,37,0,0
BRDA:181,37,1,0
BRDA:181,38,0,0
BRDA:181,38,1,0
BRDA:181,38,2,0
BRDA:181,38,3,0
BRDA:185,39,0,0
BRDA:185,39,1,0
BRDA:185,40,0,0
BRDA:185,40,1,0
BRDA:202,41,0,0
BRDA:202,41,1,0
BRDA:214,42,0,0
BRDA:214,42,1,0
BRDA:214,43,0,0
BRDA:214,43,1,0
BRDA:218,44,0,0
BRDA:218,44,1,0
BRDA:218,45,0,0
BRDA:218,45,1,0
BRDA:218,45,2,0
BRDA:222,46,0,0
BRDA:222,46,1,0
BRDA:222,47,0,0
BRDA:222,47,1,0
BRDA:222,47,2,0
BRDA:230,48,0,0
BRDA:230,48,1,0
BRDA:235,49,0,0
BRDA:235,49,1,0
BRDA:236,50,0,0
BRDA:236,50,1,0
BRDA:240,51,0,0
BRDA:240,51,1,0
BRDA:247,52,0,0
BRDA:247,52,1,0
BRDA:253,53,0,0
BRDA:253,53,1,0
BRDA:260,54,0,0
BRDA:260,54,1,0
BRDA:260,54,2,0
BRDA:275,55,0,0
BRDA:275,55,1,0
BRDA:275,55,2,0
BRDA:275,55,3,0
BRDA:283,56,0,0
BRDA:283,56,1,0
BRF:131
BRH:0
end_of_record
TN:
SF:/Users/vivek/ws/blueocean/blueocean-dashboard/src/main/js/components/karaoke/components/QueuedState.jsx
FN:4,(anonymous_0)
FN:6,(anonymous_1)
FN:17,(anonymous_2)
FNF:3
FNH:0
FNDA:0,(anonymous_0)
FNDA:0,(anonymous_1)
FNDA:0,(anonymous_2)
DA:4,1
DA:6,1
DA:7,0
DA:10,1
DA:17,1
DA:18,0
DA:21,1
LF:7
LH:5
BRDA:4,0,0,0
BRDA:4,0,1,0
BRF:2
BRH:0
end_of_record
TN:
SF:/Users/vivek/ws/blueocean/blueocean-dashboard/src/main/js/components/karaoke/components/RunDescription.jsx
FN:10,(anonymous_0)
FNF:1
FNH:1
FNDA:3,(anonymous_0)
DA:11,3
DA:12,2
DA:14,1
LF:3
LH:3
BRDA:11,0,0,2
BRDA:11,0,1,1
BRDA:11,1,0,3
BRDA:11,1,1,2
BRF:4
BRH:4
end_of_record
TN:
SF:/Users/vivek/ws/blueocean/blueocean-dashboard/src/main/js/components/karaoke/components/Step.jsx
FN:13,createStepLabel
FN:28,(anonymous_1)
FN:45,(anonymous_2)
FN:55,(anonymous_3)
FN:68,(anonymous_4)
FN:87,(anonymous_5)
FN:93,(anonymous_6)
FN:122,(anonymous_7)
FN:131,(anonymous_8)
FNF:9
FNH:0
FNDA:0,createStepLabel
FNDA:0,(anonymous_1)
FNDA:0,(anonymous_2)
FNDA:0,(anonymous_3)
FNDA:0,(anonymous_4)
FNDA:0,(anonymous_5)
FNDA:0,(anonymous_6)
FNDA:0,(anonymous_7)
FNDA:0,(anonymous_8)
DA:10,1
DA:11,1
DA:14,0
DA:16,0
DA:17,0
DA:23,0
DA:29,0
DA:30,0
DA:31,0
DA:33,0
DA:34,0
DA:35,0
DA:36,0
DA:46,0
DA:48,0
DA:49,0
DA:56,0
DA:57,0
DA:58,0
DA:59,0
DA:60,0
DA:61,0
DA:69,0
DA:70,0
DA:71,0
DA:72,0
DA:74,0
DA:75,0
DA:76,0
DA:77,0
DA:79,0
DA:80,0
DA:83,0
DA:88,0
DA:90,0
DA:94,0
DA:95,0
DA:96,0
DA:98,0
DA:99,0
DA:100,0
DA:101,0
DA:102,0
DA:103,0
DA:104,0
DA:105,0
DA:117,0
DA:118,0
DA:119,0
DA:120,0
DA:122,0
DA:123,0
DA:124,0
DA:125,0
DA:126,0
DA:128,0
DA:131,0
DA:132,0
DA:134,0
DA:135,0
DA:136,0
DA:140,0
DA:142,0
DA:143,0
DA:144,0
DA:154,0
DA:171,1
LF:67
LH:3
BRDA:16,0,0,0
BRDA:16,0,1,0
BRDA:56,1,0,0
BRDA:56,1,1,0
BRDA:56,2,0,0
BRDA:56,2,1,0
BRDA:57,3,0,0
BRDA:57,3,1,0
BRDA:57,4,0,0
BRDA:57,4,1,0
BRDA:59,5,0,0
BRDA:59,5,1,0
BRDA:59,6,0,0
BRDA:59,6,1,0
BRDA:70,7,0,0
BRDA:70,7,1,0
BRDA:71,8,0,0
BRDA:71,8,1,0
BRDA:72,9,0,0
BRDA:72,9,1,0
BRDA:74,10,0,0
BRDA:74,10,1,0
BRDA:79,11,0,0
BRDA:79,11,1,0
BRDA:79,12,0,0
BRDA:79,12,1,0
BRDA:79,12,2,0
BRDA:83,13,0,0
BRDA:83,13,1,0
BRDA:95,14,0,0
BRDA:95,14,1,0
BRDA:95,15,0,0
BRDA:95,15,1,0
BRDA:100,16,0,0
BRDA:100,16,1,0
BRDA:102,17,0,0
BRDA:102,17,1,0
BRDA:102,18,0,0
BRDA:102,18,1,0
BRDA:117,19,0,0
BRDA:117,19,1,0
BRDA:119,20,0,0
BRDA:119,20,1,0
BRDA:119,21,0,0
BRDA:119,21,1,0
BRDA:123,22,0,0
BRDA:123,22,1,0
BRDA:123,23,0,0
BRDA:123,23,1,0
BRDA:123,23,2,0
BRDA:134,24,0,0
BRDA:134,24,1,0
BRDA:142,25,0,0
BRDA:142,25,1,0
BRF:54
BRH:0
end_of_record
TN:
SF:/Users/vivek/ws/blueocean/blueocean-dashboard/src/main/js/components/karaoke/components/Steps.jsx
FN:6,(anonymous_0)
FN:16,(anonymous_1)
FNF:2
FNH:2
FNDA:2,(anonymous_0)
FNDA:10,(anonymous_1)
DA:7,2
DA:9,2
DA:10,0
DA:12,0
DA:14,2
DA:15,2
DA:16,10
DA:28,1
LF:8
LH:6
BRDA:9,0,0,0
BRDA:9,0,1,2
BRF:2
BRH:1
end_of_record
TN:
SF:/Users/vivek/ws/blueocean/blueocean-dashboard/src/main/js/components/karaoke/rest/KaraokeApi.js
FN:20,prepareOptions
FN:25,parseMoreDataHeader
FN:42,parseNewStart
FN:61,(anonymous_3)
FN:67,(anonymous_4)
FN:75,(anonymous_5)
FN:76,(anonymous_6)
FN:77,(anonymous_7)
FN:94,(anonymous_8)
FN:96,(anonymous_9)
FN:97,(anonymous_10)
FN:107,(anonymous_11)
FN:113,(anonymous_12)
FNF:13
FNH:0
FNDA:0,prepareOptions
FNDA:0,parseMoreDataHeader
FNDA:0,parseNewStart
FNDA:0,(anonymous_3)
FNDA:0,(anonymous_4)
FNDA:0,(anonymous_5)
FNDA:0,(anonymous_6)
FNDA:0,(anonymous_7)
FNDA:0,(anonymous_8)
FNDA:0,(anonymous_9)
FNDA:0,(anonymous_10)
FNDA:0,(anonymous_11)
FNDA:0,(anonymous_12)
DA:6,1
DA:12,1
DA:21,0
DA:22,0
DA:26,0
DA:31,0
DA:36,0
DA:38,0
DA:39,0
DA:44,0
DA:45,0
DA:47,0
DA:48,0
DA:49,0
DA:62,0
DA:63,0
DA:64,0
DA:65,0
DA:67,0
DA:76,0
DA:77,0
DA:78,0
DA:79,0
DA:80,0
DA:81,0
DA:83,0
DA:84,0
DA:86,0
DA:96,0
DA:97,0
DA:98,0
DA:99,0
DA:100,0
DA:102,0
DA:103,0
DA:105,0
DA:107,0
DA:114,0
LF:38
LH:2
BRDA:31,0,0,0
BRDA:31,0,1,0
BRDA:79,1,0,0
BRDA:79,1,1,0
BRDA:81,2,0,0
BRDA:81,2,1,0
BRDA:81,3,0,0
BRDA:81,3,1,0
BRDA:100,4,0,0
BRDA:100,4,1,0
BRDA:100,5,0,0
BRDA:100,5,1,0
BRF:12
BRH:0
end_of_record
TN:
SF:/Users/vivek/ws/blueocean/blueocean-dashboard/src/main/js/components/karaoke/services/Augmenter.js
FN:1,(anonymous_0)
FN:1,defineProperties
FN:1,(anonymous_2)
FN:5,_initDefineProp
FN:5,_classCallCheck
FN:5,_initializerWarningHelper
FN:5,_applyDecoratedDescriptor
FN:5,(anonymous_7)
FN:5,(anonymous_8)
FN:13,(anonymous_9)
FN:47,getNodesLogUrl
FN:102,getNodesLogFileName
FN:108,get
FN:111,get
FN:114,get
FN:114,get
FN:117,get
FN:120,get
FN:123,get
FN:126,get
FN:133,Augmenter
FN:133,setKaraoke
FN:133,setRun
FN:138,setPipeline
FN:143,setBranch
FN:148,initializer
FNF:26
FNH:0
FNDA:0,(anonymous_0)
FNDA:0,defineProperties
FNDA:0,(anonymous_2)
FNDA:0,_initDefineProp
FNDA:0,_classCallCheck
FNDA:0,_initializerWarningHelper
FNDA:0,_applyDecoratedDescriptor
FNDA:0,(anonymous_7)
FNDA:0,(anonymous_8)
FNDA:0,(anonymous_9)
FNDA:0,getNodesLogUrl
FNDA:0,getNodesLogFileName
FNDA:0,get
FNDA:0,get
FNDA:0,get
FNDA:0,get
FNDA:0,get
FNDA:0,get
FNDA:0,get
FNDA:0,get
FNDA:0,Augmenter
FNDA:0,setKaraoke
FNDA:0,setRun
FNDA:0,setPipeline
FNDA:0,setBranch
FNDA:0,initializer
DA:1,0
DA:2,0
DA:4,0
DA:5,0
DA:7,0
DA:13,0
DA:49,0
DA:50,0
DA:52,0
DA:53,0
DA:104,0
DA:105,0
DA:107,0
DA:108,0
DA:111,0
DA:114,0
DA:117,0
DA:120,0
DA:123,0
DA:126,0
DA:133,0
DA:137,0
DA:142,0
DA:147,0
DA:148,0
LF:25
LH:0
BRDA:1,0,0,0
BRDA:1,0,1,0
BRDA:1,1,0,0
BRDA:1,1,1,0
BRDA:1,2,0,0
BRDA:1,2,1,0
BRDA:1,3,0,0
BRDA:1,3,1,0
BRDA:5,4,0,0
BRDA:5,4,1,0
BRDA:5,5,0,0
BRDA:5,5,1,0
BRDA:5,6,0,0
BRDA:5,6,1,0
BRDA:5,7,0,0
BRDA:5,7,1,0
BRDA:5,8,0,0
BRDA:5,8,1,0
BRDA:5,9,0,0
BRDA:5,9,1,0
BRDA:5,10,0,0
BRDA:5,10,1,0
BRDA:5,11,0,0
BRDA:5,11,1,0
BRDA:5,12,0,0
BRDA:5,12,1,0
BRDA:5,13,0,0
BRDA:5,13,1,0
BRDA:49,14,0,0
BRDA:49,14,1,0
BRDA:104,15,0,0
BRDA:104,15,1,0
BRDA:111,16,0,0
BRDA:111,16,1,0
BRDA:111,17,0,0
BRDA:111,17,1,0
BRDA:111,17,2,0
BRDA:114,18,0,0
BRDA:114,18,1,0
BRDA:114,19,0,0
BRDA:114,19,1,0
BRDA:114,20,0,0
BRDA:114,20,1,0
BRDA:114,21,0,0
BRDA:114,21,1,0
BRDA:126,22,0,0
BRDA:126,22,1,0
BRF:47
BRH:0
end_of_record
TN:
SF:/Users/vivek/ws/blueocean/blueocean-dashboard/src/main/js/components/karaoke/services/KaraokeService.js
FN:20,(anonymous_0)
FN:31,(anonymous_1)
FN:38,(anonymous_2)
FN:49,(anonymous_3)
FN:60,(anonymous_4)
FN:67,(anonymous_5)
FN:78,(anonymous_6)
FN:91,(anonymous_7)
FN:98,(anonymous_8)
FNF:9
FNH:0
FNDA:0,(anonymous_0)
FNDA:0,(anonymous_1)
FNDA:0,(anonymous_2)
FNDA:0,(anonymous_3)
FNDA:0,(anonymous_4)
FNDA:0,(anonymous_5)
FNDA:0,(anonymous_6)
FNDA:0,(anonymous_7)
FNDA:0,(anonymous_8)
DA:3,1
DA:21,0
DA:22,0
DA:23,0
DA:32,0
DA:33,0
DA:38,0
DA:50,0
DA:51,0
DA:52,0
DA:61,0
DA:62,0
DA:67,0
DA:79,0
DA:80,0
DA:81,0
DA:92,0
DA:93,0
DA:98,0
LF:19
LH:1
BRF:0
BRH:0
end_of_record
TN:
SF:/Users/vivek/ws/blueocean/blueocean-dashboard/src/main/js/components/karaoke/services/pagers/GeneralLogPager.js
FN:39,(anonymous_0)
FN:50,(anonymous_1)
FN:63,(anonymous_2)
FN:77,(anonymous_3)
FN:84,(anonymous_4)
FN:96,(anonymous_5)
FN:100,(anonymous_6)
FN:102,(anonymous_7)
FN:112,(anonymous_8)
FN:116,(anonymous_9)
FN:122,(anonymous_10)
FN:133,(anonymous_11)
FN:137,(anonymous_12)
FN:139,(anonymous_13)
FN:144,(anonymous_14)
FNF:15
FNH:0
FNDA:0,(anonymous_0)
FNDA:0,(anonymous_1)
FNDA:0,(anonymous_2)
FNDA:0,(anonymous_3)
FNDA:0,(anonymous_4)
FNDA:0,(anonymous_5)
FNDA:0,(anonymous_6)
FNDA:0,(anonymous_7)
FNDA:0,(anonymous_8)
FNDA:0,(anonymous_9)
FNDA:0,(anonymous_10)
FNDA:0,(anonymous_11)
FNDA:0,(anonymous_12)
FNDA:0,(anonymous_13)
FNDA:0,(anonymous_14)
DA:6,1
DA:40,0
DA:51,0
DA:52,0
DA:53,0
DA:54,0
DA:64,0
DA:66,0
DA:68,0
DA:76,0
DA:78,0
DA:79,0
DA:80,0
DA:81,0
DA:82,0
DA:85,0
DA:86,0
DA:88,0
DA:89,0
DA:91,0
DA:92,0
DA:94,0
DA:96,0
DA:97,0
DA:101,0
DA:102,0
DA:113,0
DA:114,0
DA:115,0
DA:117,0
DA:118,0
DA:119,0
DA:120,0
DA:123,0
DA:124,0
DA:125,0
DA:127,0
DA:128,0
DA:130,0
DA:133,0
DA:134,0
DA:138,0
DA:139,0
DA:145,0
LF:44
LH:1
BRDA:53,0,0,0
BRDA:53,0,1,0
BRDA:53,1,0,0
BRDA:53,1,1,0
BRDA:80,2,0,0
BRDA:80,2,1,0
BRDA:85,3,0,0
BRDA:85,3,1,0
BRDA:85,4,0,0
BRDA:85,4,1,0
BRDA:92,5,0,0
BRDA:92,5,1,0
BRDA:92,6,0,0
BRDA:92,6,1,0
BRDA:123,7,0,0
BRDA:123,7,1,0
BRDA:123,8,0,0
BRDA:123,8,1,0
BRDA:130,9,0,0
BRDA:130,9,1,0
BRF:20
BRH:0
end_of_record
TN:
SF:/Users/vivek/ws/blueocean/blueocean-dashboard/src/main/js/components/karaoke/services/pagers/LogPager.js
FN:41,(anonymous_0)
FN:52,(anonymous_1)
FN:70,(anonymous_2)
FN:84,(anonymous_3)
FN:91,(anonymous_4)
FN:105,(anonymous_5)
FN:109,(anonymous_6)
FN:111,(anonymous_7)
FN:121,(anonymous_8)
FN:125,(anonymous_9)
FN:131,(anonymous_10)
FN:142,(anonymous_11)
FN:146,(anonymous_12)
FN:148,(anonymous_13)
FN:153,(anonymous_14)
FNF:15
FNH:0
FNDA:0,(anonymous_0)
FNDA:0,(anonymous_1)
FNDA:0,(anonymous_2)
FNDA:0,(anonymous_3)
FNDA:0,(anonymous_4)
FNDA:0,(anonymous_5)
FNDA:0,(anonymous_6)
FNDA:0,(anonymous_7)
FNDA:0,(anonymous_8)
FNDA:0,(anonymous_9)
FNDA:0,(anonymous_10)
FNDA:0,(anonymous_11)
FNDA:0,(anonymous_12)
FNDA:0,(anonymous_13)
FNDA:0,(anonymous_14)
DA:6,1
DA:42,0
DA:53,0
DA:54,0
DA:55,0
DA:56,0
DA:57,0
DA:71,0
DA:73,0
DA:75,0
DA:83,0
DA:85,0
DA:86,0
DA:87,0
DA:88,0
DA:89,0
DA:92,0
DA:93,0
DA:95,0
DA:96,0
DA:98,0
DA:99,0
DA:100,0
DA:101,0
DA:103,0
DA:105,0
DA:106,0
DA:110,0
DA:111,0
DA:122,0
DA:123,0
DA:124,0
DA:126,0
DA:127,0
DA:128,0
DA:129,0
DA:132,0
DA:133,0
DA:134,0
DA:136,0
DA:137,0
DA:139,0
DA:142,0
DA:143,0
DA:147,0
DA:148,0
DA:154,0
LF:47
LH:1
BRDA:56,0,0,0
BRDA:56,0,1,0
BRDA:56,1,0,0
BRDA:56,1,1,0
BRDA:87,2,0,0
BRDA:87,2,1,0
BRDA:92,3,0,0
BRDA:92,3,1,0
BRDA:92,4,0,0
BRDA:92,4,1,0
BRDA:101,5,0,0
BRDA:101,5,1,0
BRDA:101,6,0,0
BRDA:101,6,1,0
BRDA:132,7,0,0
BRDA:132,7,1,0
BRDA:132,8,0,0
BRDA:132,8,1,0
BRDA:139,9,0,0
BRDA:139,9,1,0
BRF:20
BRH:0
end_of_record
TN:
SF:/Users/vivek/ws/blueocean/blueocean-dashboard/src/main/js/components/karaoke/services/pagers/PipelinePager.js
FN:44,(anonymous_0)
FN:48,(anonymous_1)
FN:58,(anonymous_2)
FN:69,(anonymous_3)
FN:83,(anonymous_4)
FN:99,(anonymous_5)
FN:118,(anonymous_6)
FN:120,(anonymous_7)
FN:129,(anonymous_8)
FN:143,(anonymous_9)
FN:154,(anonymous_10)
FN:156,(anonymous_11)
FN:160,(anonymous_12)
FN:174,(anonymous_13)
FN:186,(anonymous_14)
FN:190,(anonymous_15)
FN:192,(anonymous_16)
FN:195,(anonymous_17)
FNF:18
FNH:0
FNDA:0,(anonymous_0)
FNDA:0,(anonymous_1)
FNDA:0,(anonymous_2)
FNDA:0,(anonymous_3)
FNDA:0,(anonymous_4)
FNDA:0,(anonymous_5)
FNDA:0,(anonymous_6)
FNDA:0,(anonymous_7)
FNDA:0,(anonymous_8)
FNDA:0,(anonymous_9)
FNDA:0,(anonymous_10)
FNDA:0,(anonymous_11)
FNDA:0,(anonymous_12)
FNDA:0,(anonymous_13)
FNDA:0,(anonymous_14)
FNDA:0,(anonymous_15)
FNDA:0,(anonymous_16)
FNDA:0,(anonymous_17)
DA:7,1
DA:45,0
DA:49,0
DA:59,0
DA:60,0
DA:61,0
DA:70,0
DA:72,0
DA:74,0
DA:82,0
DA:84,0
DA:85,0
DA:86,0
DA:88,0
DA:91,0
DA:94,0
DA:95,0
DA:96,0
DA:97,0
DA:99,0
DA:100,0
DA:101,0
DA:102,0
DA:104,0
DA:107,0
DA:108,0
DA:111,0
DA:112,0
DA:113,0
DA:115,0
DA:116,0
DA:117,0
DA:119,0
DA:120,0
DA:130,0
DA:132,0
DA:134,0
DA:142,0
DA:145,0
DA:148,0
DA:149,0
DA:150,0
DA:151,0
DA:153,0
DA:155,0
DA:156,0
DA:161,0
DA:162,0
DA:163,0
DA:165,0
DA:173,0
DA:175,0
DA:176,0
DA:177,0
DA:178,0
DA:179,0
DA:180,0
DA:182,0
DA:184,0
DA:185,0
DA:186,0
DA:187,0
DA:191,0
DA:192,0
DA:196,0
LF:65
LH:1
BRDA:84,0,0,0
BRDA:84,0,1,0
BRDA:95,1,0,0
BRDA:95,1,1,0
BRDA:100,2,0,0
BRDA:100,2,1,0
BRDA:107,3,0,0
BRDA:107,3,1,0
BRDA:149,4,0,0
BRDA:149,4,1,0
BRDA:177,5,0,0
BRDA:177,5,1,0
BRDA:184,6,0,0
BRDA:184,6,1,0
BRF:14
BRH:0
end_of_record
TN:
SF:/Users/vivek/ws/blueocean/blueocean-dashboard/src/main/js/components/karaoke/services/pagers/index.js
FNF:0
FNH:0
LF:0
LH:0
BRF:0
BRH:0
end_of_record
TN:
SF:/Users/vivek/ws/blueocean/blueocean-dashboard/src/main/js/components/karaoke/urls/detailUrl.js
FN:18,(anonymous_0)
FNF:1
FNH:0
FNDA:0,(anonymous_0)
DA:10,1
DA:18,1
DA:20,0
DA:22,0
DA:24,0
DA:25,0
DA:27,0
DA:29,0
DA:30,0
LF:9
LH:2
BRDA:24,0,0,0
BRDA:24,0,1,0
BRF:2
BRH:0
end_of_record
TN:
SF:/Users/vivek/ws/blueocean/blueocean-dashboard/src/main/js/components/karaoke/urls/prefixIfNeeded.js
FN:4,prefixIfNeeded
FNF:1
FNH:0
FNDA:0,prefixIfNeeded
DA:5,0
LF:1
LH:0
BRF:0
BRH:0
end_of_record
TN:
SF:/Users/vivek/ws/blueocean/blueocean-dashboard/src/main/js/components/placeholder/DashboardPlaceholder.jsx
FN:9,DashboardPlaceholder
FNF:1
FNH:0
FNDA:0,DashboardPlaceholder
DA:10,0
DA:12,0
DA:20,0
DA:27,0
DA:35,1
LF:5
LH:1
BRF:0
BRH:0
end_of_record
TN:
SF:/Users/vivek/ws/blueocean/blueocean-dashboard/src/main/js/components/placeholder/Icon.js
FNF:0
FNH:0
LF:0
LH:0
BRF:0
BRH:0
end_of_record
TN:
SF:/Users/vivek/ws/blueocean/blueocean-dashboard/src/main/js/components/placeholder/NoBranchesPlaceholder.jsx
FN:9,NoBranchesPlaceholder
FNF:1
FNH:0
FNDA:0,NoBranchesPlaceholder
DA:10,0
DA:12,0
DA:23,0
DA:31,0
DA:39,1
LF:5
LH:1
BRF:0
BRH:0
end_of_record
TN:
SF:/Users/vivek/ws/blueocean/blueocean-dashboard/src/main/js/components/placeholder/NoPullRequestsPlaceholder.jsx
FN:9,NoPullRequestsPlaceholder
FNF:1
FNH:0
FNDA:0,NoPullRequestsPlaceholder
DA:10,0
DA:12,0
DA:23,0
DA:28,0
DA:36,1
LF:5
LH:1
BRF:0
BRH:0
end_of_record
TN:
SF:/Users/vivek/ws/blueocean/blueocean-dashboard/src/main/js/components/placeholder/NoRunsPlaceholder.jsx
FN:22,NoRunsMultibranchPlaceholder
FN:52,NoRunsDefaultPlaceholder
FN:76,NoRunsForBranchPlaceholder
FNF:3
FNH:0
FNDA:0,NoRunsMultibranchPlaceholder
FNDA:0,NoRunsDefaultPlaceholder
FNDA:0,NoRunsForBranchPlaceholder
DA:10,1
DA:23,0
DA:25,0
DA:27,0
DA:32,0
DA:38,0
DA:46,1
DA:53,0
DA:55,0
DA:61,0
DA:70,1
DA:77,0
DA:79,0
DA:83,0
DA:90,1
LF:15
LH:4
BRF:0
BRH:0
end_of_record
TN:
SF:/Users/vivek/ws/blueocean/blueocean-dashboard/src/main/js/components/placeholder/PlaceholderContent.jsx
FN:10,PlaceholderContent
FNF:1
FNH:0
FNDA:0,PlaceholderContent
DA:11,0
DA:12,0
DA:14,0
DA:23,2
DA:29,2
LF:5
LH:2
BRF:0
BRH:0
end_of_record
TN:
SF:/Users/vivek/ws/blueocean/blueocean-dashboard/src/main/js/components/placeholder/PlaceholderDialog.jsx
FN:9,createContent
FN:35,PlaceholderDialog
FNF:2
FNH:0
FNDA:0,createContent
FNDA:0,PlaceholderDialog
DA:10,0
DA:11,0
DA:14,0
DA:16,0
DA:18,0
DA:36,0
DA:37,0
DA:39,0
DA:46,4
DA:60,4
LF:10
LH:2
BRDA:10,0,0,0
BRDA:10,0,1,0
BRDA:16,1,0,0
BRDA:16,1,1,0
BRDA:16,1,2,0
BRDA:16,1,3,0
BRDA:19,2,0,0
BRDA:19,2,1,0
BRDA:21,3,0,0
BRDA:21,3,1,0
BRDA:37,4,0,0
BRDA:37,4,1,0
BRF:12
BRH:0
end_of_record
TN:
SF:/Users/vivek/ws/blueocean/blueocean-dashboard/src/main/js/components/placeholder/UnsupportedPlaceholder.jsx
FN:9,UnsupportedPlaceholder
FNF:1
FNH:0
FNDA:0,UnsupportedPlaceholder
DA:10,0
DA:12,0
DA:23,0
DA:31,0
DA:39,1
LF:5
LH:1
BRF:0
BRH:0
end_of_record
TN:
SF:/Users/vivek/ws/blueocean/blueocean-dashboard/src/main/js/components/stories/ColumnFilterStories.js
FN:4,_interopRequireDefault
FN:10,wrap
FN:19,columnFilterChange
FN:40,basic
FNF:4
FNH:0
FNDA:0,_interopRequireDefault
FNDA:0,wrap
FNDA:0,columnFilterChange
FNDA:0,basic
DA:2,0
DA:3,0
DA:4,0
DA:6,0
DA:11,0
DA:14,0
DA:19,0
DA:20,0
DA:23,0
DA:42,0
DA:49,0
DA:53,0
LF:12
LH:0
BRDA:4,0,0,0
BRDA:4,0,1,0
BRDA:4,1,0,0
BRDA:4,1,1,0
BRF:4
BRH:0
end_of_record
TN:
SF:/Users/vivek/ws/blueocean/blueocean-dashboard/src/main/js/components/stories/FullScreenStories.js
FN:1,(anonymous_0)
FN:1,defineProperties
FN:1,(anonymous_2)
FN:4,_interopRequireDefault
FN:4,_classCallCheck
FN:4,_possibleConstructorReturn
FN:4,_inherits
FN:7,(anonymous_7)
FN:10,(anonymous_8)
FN:12,ToggleFullScreen
FN:19,(anonymous_10)
FN:23,render
FNF:12
FNH:0
FNDA:0,(anonymous_0)
FNDA:0,defineProperties
FNDA:0,(anonymous_2)
FNDA:0,_interopRequireDefault
FNDA:0,_classCallCheck
FNDA:0,_possibleConstructorReturn
FNDA:0,_inherits
FNDA:0,(anonymous_7)
FNDA:0,(anonymous_8)
FNDA:0,ToggleFullScreen
FNDA:0,(anonymous_10)
FNDA:0,render
DA:1,0
DA:2,0
DA:3,0
DA:4,0
DA:6,0
DA:7,0
DA:10,0
DA:12,0
DA:13,0
DA:20,0
DA:23,0
DA:26,0
DA:27,0
DA:74,0
LF:14
LH:0
BRDA:1,0,0,0
BRDA:1,0,1,0
BRDA:1,1,0,0
BRDA:1,1,1,0
BRDA:1,2,0,0
BRDA:1,2,1,0
BRDA:1,3,0,0
BRDA:1,3,1,0
BRDA:4,4,0,0
BRDA:4,4,1,0
BRDA:4,5,0,0
BRDA:4,5,1,0
BRDA:4,6,0,0
BRDA:4,6,1,0
BRDA:4,7,0,0
BRDA:4,7,1,0
BRDA:4,8,0,0
BRDA:4,8,1,0
BRDA:4,9,0,0
BRDA:4,9,1,0
BRDA:4,9,2,0
BRDA:4,10,0,0
BRDA:4,10,1,0
BRDA:4,11,0,0
BRDA:4,11,1,0
BRDA:4,12,0,0
BRDA:4,12,1,0
BRDA:4,13,0,0
BRDA:4,13,1,0
BRDA:4,14,0,0
BRDA:4,14,1,0
BRDA:12,15,0,0
BRDA:12,15,1,0
BRF:33
BRH:0
end_of_record
TN:
SF:/Users/vivek/ws/blueocean/blueocean-dashboard/src/main/js/components/stories/RunDetailsHeaderStories.js
FN:16,_interopRequireDefault
FN:32,t
FN:36,getServerBrowserTimeSkewMillis
FN:43,debug
FN:49,harmonizeTimes
FN:60,doBasic
FN:88,basic
FN:92,multibranch
FN:96,noCommit
FN:124,longBranch
FN:153,aborted
FNF:11
FNH:0
FNDA:0,_interopRequireDefault
FNDA:0,t
FNDA:0,getServerBrowserTimeSkewMillis
FNDA:0,debug
FNDA:0,harmonizeTimes
FNDA:0,doBasic
FNDA:0,basic
FNDA:0,multibranch
FNDA:0,noCommit
FNDA:0,longBranch
FNDA:0,aborted
DA:2,0
DA:3,0
DA:4,0
DA:12,0
DA:13,0
DA:14,0
DA:16,0
DA:18,0
DA:20,0
DA:32,0
DA:34,0
DA:37,0
DA:42,0
DA:44,0
DA:48,0
DA:49,0
DA:52,0
DA:62,0
DA:63,0
DA:65,0
DA:72,0
DA:89,0
DA:93,0
DA:98,0
DA:99,0
DA:100,0
DA:102,0
DA:109,0
DA:126,0
DA:127,0
DA:128,0
DA:130,0
DA:137,0
DA:155,0
DA:156,0
DA:157,0
DA:159,0
DA:166,0
LF:38
LH:0
BRDA:16,0,0,0
BRDA:16,0,1,0
BRDA:16,1,0,0
BRDA:16,1,1,0
BRDA:32,2,0,0
BRDA:32,2,1,0
BRF:6
BRH:0
end_of_record
TN:
SF:/Users/vivek/ws/blueocean/blueocean-dashboard/src/main/js/components/stories/drop.js
FN:1,(anonymous_0)
FN:3,_interopRequireDefault
FN:12,createOptions
FN:23,(anonymous_3)
FNF:4
FNH:0
FNDA:0,(anonymous_0)
FNDA:0,_interopRequireDefault
FNDA:0,createOptions
FNDA:0,(anonymous_3)
DA:1,0
DA:2,0
DA:3,0
DA:5,0
DA:7,0
DA:12,0
DA:13,0
DA:15,0
DA:16,0
DA:17,0
DA:19,0
DA:22,0
DA:23,0
LF:13
LH:0
BRDA:1,0,0,0
BRDA:1,0,1,0
BRDA:1,1,0,0
BRDA:1,1,1,0
BRDA:3,2,0,0
BRDA:3,2,1,0
BRDA:3,3,0,0
BRDA:3,3,1,0
BRDA:12,4,0,0
BRDA:12,4,1,0
BRDA:12,5,0,0
BRDA:12,5,1,0
BRDA:12,6,0,0
BRDA:12,6,1,0
BRDA:12,7,0,0
BRDA:12,7,1,0
BRDA:17,8,0,0
BRDA:17,8,1,0
BRF:18
BRH:0
end_of_record
TN:
SF:/Users/vivek/ws/blueocean/blueocean-dashboard/src/main/js/components/stories/icons.js
FN:4,_interopRequireDefault
FN:18,(anonymous_1)
FN:29,(anonymous_2)
FN:36,(anonymous_3)
FN:39,(anonymous_4)
FNF:5
FNH:0
FNDA:0,_interopRequireDefault
FNDA:0,(anonymous_1)
FNDA:0,(anonymous_2)
FNDA:0,(anonymous_3)
FNDA:0,(anonymous_4)
DA:1,0
DA:2,0
DA:4,0
DA:6,0
DA:17,0
DA:18,0
DA:29,0
DA:36,0
DA:39,0
LF:9
LH:0
BRDA:4,0,0,0
BRDA:4,0,1,0
BRDA:4,1,0,0
BRDA:4,1,1,0
BRF:4
BRH:0
end_of_record
TN:
SF:/Users/vivek/ws/blueocean/blueocean-dashboard/src/main/js/components/stories/index.js
FN:4,typeInfoProvider
FNF:1
FNH:0
FNDA:0,typeInfoProvider
DA:1,0
DA:2,0
DA:5,0
DA:9,0
DA:10,0
DA:11,0
DA:12,0
DA:13,0
DA:14,0
DA:15,0
DA:16,0
LF:11
LH:0
BRF:0
BRH:0
end_of_record
TN:
SF:/Users/vivek/ws/blueocean/blueocean-dashboard/src/main/js/components/stories/inputStep.js
FN:5,_interopRequireDefault
FN:8,(anonymous_1)
FN:13,Default
FNF:3
FNH:0
FNDA:0,_interopRequireDefault
FNDA:0,(anonymous_1)
FNDA:0,Default
DA:1,0
DA:2,0
DA:4,0
DA:5,0
DA:7,0
DA:8,0
DA:11,0
DA:14,0
LF:8
LH:0
BRDA:5,0,0,0
BRDA:5,0,1,0
BRDA:5,1,0,0
BRDA:5,1,1,0
BRF:4
BRH:0
end_of_record
TN:
SF:/Users/vivek/ws/blueocean/blueocean-dashboard/src/main/js/components/stories/moments.js
FN:3,_interopRequireDefault
FN:6,(anonymous_1)
FN:14,(anonymous_2)
FN:26,(anonymous_3)
FNF:4
FNH:0
FNDA:0,_interopRequireDefault
FNDA:0,(anonymous_1)
FNDA:0,(anonymous_2)
FNDA:0,(anonymous_3)
DA:1,0
DA:2,0
DA:3,0
DA:5,0
DA:6,0
DA:14,0
DA:25,0
DA:26,0
LF:8
LH:0
BRDA:3,0,0,0
BRDA:3,0,1,0
BRDA:3,1,0,0
BRDA:3,1,1,0
BRF:4
BRH:0
end_of_record
TN:
SF:/Users/vivek/ws/blueocean/blueocean-dashboard/src/main/js/components/stories/pipelines.js
FN:6,_interopRequireDefault
FN:13,(anonymous_1)
FN:16,pipelines
FN:57,t
FN:58,t
FNF:5
FNH:0
FNDA:0,_interopRequireDefault
FNDA:0,(anonymous_1)
FNDA:0,pipelines
FNDA:0,t
FNDA:0,t
DA:2,0
DA:3,0
DA:4,0
DA:5,0
DA:6,0
DA:11,0
DA:13,0
DA:18,0
DA:26,0
DA:40,0
DA:54,0
DA:57,0
DA:58,0
LF:13
LH:0
BRDA:6,0,0,0
BRDA:6,0,1,0
BRDA:6,1,0,0
BRDA:6,1,1,0
BRF:4
BRH:0
end_of_record
TN:
SF:/Users/vivek/ws/blueocean/blueocean-dashboard/src/main/js/components/stories/status.js
FN:1,(anonymous_0)
FN:4,_interopRequireDefault
FN:17,(anonymous_2)
FN:24,(anonymous_3)
FN:31,(anonymous_4)
FN:43,(anonymous_5)
FN:54,(anonymous_6)
FN:63,(anonymous_7)
FNF:8
FNH:0
FNDA:0,(anonymous_0)
FNDA:0,_interopRequireDefault
FNDA:0,(anonymous_2)
FNDA:0,(anonymous_3)
FNDA:0,(anonymous_4)
FNDA:0,(anonymous_5)
FNDA:0,(anonymous_6)
FNDA:0,(anonymous_7)
DA:1,0
DA:2,0
DA:3,0
DA:4,0
DA:6,0
DA:11,0
DA:16,0
DA:17,0
DA:24,0
DA:31,0
DA:43,0
DA:54,0
DA:63,0
LF:13
LH:0
BRDA:1,0,0,0
BRDA:1,0,1,0
BRDA:1,1,0,0
BRDA:1,1,1,0
BRDA:4,2,0,0
BRDA:4,2,1,0
BRDA:4,3,0,0
BRDA:4,3,1,0
BRF:8
BRH:0
end_of_record
TN:
SF:/Users/vivek/ws/blueocean/blueocean-dashboard/src/main/js/components/stories/data/changesData.js
FNF:0
FNH:0
DA:1,0
DA:4,0
LF:2
LH:0
BRF:0
BRH:0
end_of_record
TN:
SF:/Users/vivek/ws/blueocean/blueocean-dashboard/src/main/js/components/stories/data/step.js
FN:1,_defineProperty
FNF:1
FNH:0
FNDA:0,_defineProperty
DA:1,0
DA:2,0
LF:2
LH:0
BRDA:1,0,0,0
BRDA:1,0,1,0
BRF:2
BRH:0
end_of_record
TN:
SF:/Users/vivek/ws/blueocean/blueocean-dashboard/src/main/js/components/testing/NoTestsPlaceholder.jsx
FN:1,(anonymous_0)
FN:1,defineProperties
FN:1,(anonymous_2)
FN:4,_interopRequireDefault
FN:4,_classCallCheck
FN:4,_possibleConstructorReturn
FN:4,_inherits
FN:6,(anonymous_7)
FN:6,NoTestsPlaceholder
FN:8,render
FNF:10
FNH:0
FNDA:0,(anonymous_0)
FNDA:0,defineProperties
FNDA:0,(anonymous_2)
FNDA:0,_interopRequireDefault
FNDA:0,_classCallCheck
FNDA:0,_possibleConstructorReturn
FNDA:0,_inherits
FNDA:0,(anonymous_7)
FNDA:0,NoTestsPlaceholder
FNDA:0,render
DA:1,0
DA:2,0
DA:3,0
DA:4,0
DA:6,0
DA:8,0
DA:12,0
DA:13,0
DA:19,0
DA:26,0
DA:32,0
LF:11
LH:0
BRDA:1,0,0,0
BRDA:1,0,1,0
BRDA:1,1,0,0
BRDA:1,1,1,0
BRDA:1,2,0,0
BRDA:1,2,1,0
BRDA:1,3,0,0
BRDA:1,3,1,0
BRDA:4,4,0,0
BRDA:4,4,1,0
BRDA:4,5,0,0
BRDA:4,5,1,0
BRDA:4,6,0,0
BRDA:4,6,1,0
BRDA:4,7,0,0
BRDA:4,7,1,0
BRDA:4,8,0,0
BRDA:4,8,1,0
BRDA:4,9,0,0
BRDA:4,9,1,0
BRDA:4,9,2,0
BRDA:4,10,0,0
BRDA:4,10,1,0
BRDA:4,11,0,0
BRDA:4,11,1,0
BRDA:4,12,0,0
BRDA:4,12,1,0
BRDA:4,13,0,0
BRDA:4,13,1,0
BRDA:4,14,0,0
BRDA:4,14,1,0
BRDA:6,15,0,0
BRDA:6,15,1,0
BRF:33
BRH:0
end_of_record
TN:
SF:/Users/vivek/ws/blueocean/blueocean-dashboard/src/main/js/components/testing/TestCaseResultRow.jsx
FN:17,(anonymous_0)
FN:24,(anonymous_1)
FN:44,(anonymous_2)
FN:56,(anonymous_3)
FNF:4
FNH:3
FNDA:11,(anonymous_0)
FNDA:12,(anonymous_1)
FNDA:1,(anonymous_2)
FNDA:0,(anonymous_3)
DA:18,11
DA:19,11
DA:20,11
DA:21,11
DA:25,12
DA:26,12
DA:27,12
DA:28,12
DA:29,12
DA:30,12
DA:32,8
DA:33,8
DA:35,1
DA:36,1
DA:38,3
DA:39,3
DA:41,0
DA:44,12
DA:45,1
DA:46,1
DA:47,1
DA:49,0
DA:50,0
DA:52,0
DA:53,0
DA:56,12
DA:57,0
DA:60,12
DA:61,12
DA:63,12
DA:71,12
LF:31
LH:25
BRDA:25,0,0,12
BRDA:28,1,0,12
BRDA:28,1,1,10
BRDA:28,1,2,7
BRDA:28,1,3,7
BRDA:30,2,0,8
BRDA:30,2,1,1
BRDA:30,2,2,3
BRDA:30,2,3,0
BRDA:46,3,0,1
BRDA:46,3,1,0
BRDA:49,4,0,0
BRDA:49,4,1,0
BRDA:52,5,0,0
BRDA:52,5,1,0
BRDA:63,6,0,5
BRDA:63,6,1,7
BRDA:67,7,0,0
BRDA:67,7,1,5
BRDA:67,8,0,5
BRDA:67,8,1,0
BRDA:68,9,0,0
BRDA:68,9,1,5
BRDA:68,10,0,5
BRDA:68,10,1,0
BRF:25
BRH:15
end_of_record
TN:
SF:/Users/vivek/ws/blueocean/blueocean-dashboard/src/main/js/components/testing/TestDetails.jsx
FN:6,(anonymous_0)
FN:8,(anonymous_1)
FN:30,(anonymous_2)
FNF:3
FNH:3
FNDA:2,(anonymous_0)
FNDA:2,(anonymous_1)
FNDA:2,(anonymous_2)
DA:6,1
DA:7,2
DA:9,2
DA:13,1
DA:31,2
DA:32,2
DA:33,2
DA:34,2
DA:35,2
DA:36,2
LF:10
LH:10
BRDA:6,0,0,2
BRDA:43,1,0,2
BRDA:43,1,1,0
BRDA:45,2,0,2
BRDA:45,2,1,0
BRDA:47,3,0,2
BRDA:47,3,1,2
BRDA:49,4,0,2
BRDA:49,4,1,2
BRDA:51,5,0,2
BRDA:51,5,1,0
BRDA:53,6,0,2
BRDA:53,6,1,0
BRDA:54,7,0,2
BRDA:54,7,1,0
BRDA:56,8,0,2
BRDA:56,8,1,0
BRF:17
BRH:11
end_of_record
TN:
SF:/Users/vivek/ws/blueocean/blueocean-dashboard/src/main/js/components/testing/TestLogService.js
FN:1,(anonymous_0)
FN:1,defineProperties
FN:1,(anonymous_2)
FN:1,_possibleConstructorReturn
FN:1,_inherits
FN:1,_classCallCheck
FN:4,Item
FN:11,(anonymous_7)
FN:11,TestLogService
FN:11,loadStdOut
FN:16,(anonymous_10)
FN:16,(anonymous_11)
FN:21,(anonymous_12)
FN:24,loadStdErr
FN:29,(anonymous_14)
FN:29,(anonymous_15)
FN:34,(anonymous_16)
FN:37,getStdOut
FN:42,getStdErr
FN:47,bunkerKey
FNF:20
FNH:0
FNDA:0,(anonymous_0)
FNDA:0,defineProperties
FNDA:0,(anonymous_2)
FNDA:0,_possibleConstructorReturn
FNDA:0,_inherits
FNDA:0,_classCallCheck
FNDA:0,Item
FNDA:0,(anonymous_7)
FNDA:0,TestLogService
FNDA:0,loadStdOut
FNDA:0,(anonymous_10)
FNDA:0,(anonymous_11)
FNDA:0,(anonymous_12)
FNDA:0,loadStdErr
FNDA:0,(anonymous_14)
FNDA:0,(anonymous_15)
FNDA:0,(anonymous_16)
FNDA:0,getStdOut
FNDA:0,getStdErr
FNDA:0,bunkerKey
DA:1,0
DA:4,0
DA:5,0
DA:6,0
DA:7,0
DA:11,0
DA:13,0
DA:14,0
DA:15,0
DA:16,0
DA:17,0
DA:18,0
DA:22,0
DA:26,0
DA:27,0
DA:28,0
DA:29,0
DA:30,0
DA:31,0
DA:35,0
DA:40,0
DA:41,0
DA:45,0
DA:46,0
DA:50,0
DA:51,0
DA:52,0
LF:27
LH:0
BRDA:1,0,0,0
BRDA:1,0,1,0
BRDA:1,1,0,0
BRDA:1,1,1,0
BRDA:1,2,0,0
BRDA:1,2,1,0
BRDA:1,3,0,0
BRDA:1,3,1,0
BRDA:1,4,0,0
BRDA:1,4,1,0
BRDA:1,5,0,0
BRDA:1,5,1,0
BRDA:1,6,0,0
BRDA:1,6,1,0
BRDA:1,6,2,0
BRDA:1,7,0,0
BRDA:1,7,1,0
BRDA:1,8,0,0
BRDA:1,8,1,0
BRDA:1,9,0,0
BRDA:1,9,1,0
BRDA:1,10,0,0
BRDA:1,10,1,0
BRDA:1,11,0,0
BRDA:1,11,1,0
BRDA:1,12,0,0
BRDA:1,12,1,0
BRDA:11,13,0,0
BRDA:11,13,1,0
BRDA:14,14,0,0
BRDA:14,14,1,0
BRDA:17,15,0,0
BRDA:17,15,1,0
BRDA:27,16,0,0
BRDA:27,16,1,0
BRDA:30,17,0,0
BRDA:30,17,1,0
BRDA:41,18,0,0
BRDA:41,18,1,0
BRDA:46,19,0,0
BRDA:46,19,1,0
BRDA:51,20,0,0
BRDA:51,20,1,0
BRF:43
BRH:0
end_of_record
TN:
SF:/Users/vivek/ws/blueocean/blueocean-dashboard/src/main/js/components/testing/TestResults.jsx
FN:21,(anonymous_0)
FN:25,(anonymous_1)
FN:29,(anonymous_2)
FN:38,(anonymous_3)
FNF:4
FNH:3
FNDA:5,(anonymous_0)
FNDA:0,(anonymous_1)
FNDA:5,(anonymous_2)
FNDA:5,(anonymous_3)
DA:22,5
DA:26,0
DA:30,5
DA:31,5
DA:32,5
DA:33,5
DA:34,5
DA:35,5
DA:39,5
DA:40,5
LF:10
LH:9
BRF:0
BRH:0
end_of_record
TN:
SF:/Users/vivek/ws/blueocean/blueocean-dashboard/src/main/js/components/testing/TestSection.jsx
FN:19,(anonymous_0)
FN:27,(anonymous_1)
FNF:2
FNH:2
FNDA:20,(anonymous_0)
FNDA:11,(anonymous_1)
DA:20,20
DA:21,20
DA:22,20
DA:23,20
DA:24,7
DA:27,11
DA:32,20
LF:7
LH:7
BRDA:23,0,0,7
BRDA:23,0,1,13
BRF:2
BRH:2
end_of_record
TN:
SF:/Users/vivek/ws/blueocean/blueocean-dashboard/src/main/js/components/testing/TestService.js
FN:1,(anonymous_0)
FN:1,defineProperties
FN:1,(anonymous_2)
FN:2,_interopRequireDefault
FN:2,_classCallCheck
FN:2,_possibleConstructorReturn
FN:2,_inherits
FN:8,(anonymous_7)
FN:10,TestService
FN:13,newRegressionsPager
FN:18,lazyPager
FN:20,newExistingFailedPager
FN:25,lazyPager
FN:27,newSkippedPager
FN:32,lazyPager
FN:34,newFixedPager
FN:39,lazyPager
FN:41,testLogs
FN:45,createURL
FNF:19
FNH:0
FNDA:0,(anonymous_0)
FNDA:0,defineProperties
FNDA:0,(anonymous_2)
FNDA:0,_interopRequireDefault
FNDA:0,_classCallCheck
FNDA:0,_possibleConstructorReturn
FNDA:0,_inherits
FNDA:0,(anonymous_7)
FNDA:0,TestService
FNDA:0,newRegressionsPager
FNDA:0,lazyPager
FNDA:0,newExistingFailedPager
FNDA:0,lazyPager
FNDA:0,newSkippedPager
FNDA:0,lazyPager
FNDA:0,newFixedPager
FNDA:0,lazyPager
FNDA:0,testLogs
FNDA:0,createURL
DA:1,0
DA:2,0
DA:5,0
DA:8,0
DA:10,0
DA:12,0
DA:13,0
DA:15,0
DA:16,0
DA:18,0
DA:22,0
DA:23,0
DA:25,0
DA:29,0
DA:30,0
DA:32,0
DA:36,0
DA:37,0
DA:39,0
DA:44,0
DA:47,0
DA:48,0
DA:49,0
DA:51,0
DA:52,0
DA:53,0
DA:55,0
DA:56,0
DA:58,0
DA:59,0
LF:30
LH:0
BRDA:1,0,0,0
BRDA:1,0,1,0
BRDA:1,1,0,0
BRDA:1,1,1,0
BRDA:1,2,0,0
BRDA:1,2,1,0
BRDA:1,3,0,0
BRDA:1,3,1,0
BRDA:2,4,0,0
BRDA:2,4,1,0
BRDA:2,5,0,0
BRDA:2,5,1,0
BRDA:2,6,0,0
BRDA:2,6,1,0
BRDA:2,7,0,0
BRDA:2,7,1,0
BRDA:2,8,0,0
BRDA:2,8,1,0
BRDA:2,9,0,0
BRDA:2,9,1,0
BRDA:2,9,2,0
BRDA:2,10,0,0
BRDA:2,10,1,0
BRDA:2,11,0,0
BRDA:2,11,1,0
BRDA:2,12,0,0
BRDA:2,12,1,0
BRDA:2,13,0,0
BRDA:2,13,1,0
BRDA:2,14,0,0
BRDA:2,14,1,0
BRDA:10,15,0,0
BRDA:10,15,1,0
BRDA:48,16,0,0
BRDA:48,16,1,0
BRDA:48,17,0,0
BRDA:48,17,1,0
BRDA:52,18,0,0
BRDA:52,18,1,0
BRDA:55,19,0,0
BRDA:55,19,1,0
BRF:41
BRH:0
end_of_record
TN:
[...]
FNDA:0,_getLoadingMessage
FNDA:0,_exit
FNDA:0,_sortRepos
FNDA:0,render
FNDA:0,onItemSelect
FNDA:0,labelFunction
FNDA:0,filterFunction
FNDA:0,onClick
FNDA:0,onClick
FNDA:0,onClick
DA:1,0
DA:2,0
DA:3,0
DA:5,0
DA:8,0
DA:11,0
DA:15,0
DA:19,0
DA:20,0
DA:22,0
DA:23,0
DA:26,0
DA:30,0
DA:34,0
DA:37,0
DA:38,0
DA:39,0
DA:40,0
DA:41,0
DA:42,0
DA:43,0
DA:44,0
DA:45,0
DA:47,0
DA:73,0
DA:74,0
DA:75,0
DA:80,0
DA:95,0
DA:107,0
DA:112,0
DA:115,0
LF:32
LH:0
BRDA:1,0,0,0
BRDA:1,0,1,0
BRDA:1,1,0,0
BRDA:1,1,1,0
BRDA:1,2,0,0
BRDA:1,2,1,0
BRDA:1,3,0,0
BRDA:1,3,1,0
BRDA:1,4,0,0
BRDA:1,4,1,0
BRDA:1,5,0,0
BRDA:1,5,1,0
BRDA:5,6,0,0
BRDA:5,6,1,0
BRDA:5,7,0,0
BRDA:5,7,1,0
BRDA:5,8,0,0
BRDA:5,8,1,0
BRDA:5,9,0,0
BRDA:5,9,1,0
BRDA:5,10,0,0
BRDA:5,10,1,0
BRDA:5,11,0,0
BRDA:5,11,1,0
BRDA:5,11,2,0
BRDA:5,12,0,0
BRDA:5,12,1,0
BRDA:5,13,0,0
BRDA:5,13,1,0
BRDA:5,14,0,0
BRDA:5,14,1,0
BRDA:5,15,0,0
BRDA:5,15,1,0
BRDA:5,16,0,0
BRDA:5,16,1,0
BRDA:8,17,0,0
BRDA:8,17,1,0
BRDA:8,18,0,0
BRDA:8,18,1,0
BRDA:22,19,0,0
BRDA:22,19,1,0
BRDA:53,20,0,0
BRDA:53,20,1,0
BRDA:68,21,0,0
BRDA:68,21,1,0
BRDA:88,22,0,0
BRDA:88,22,1,0
BRDA:88,22,2,0
BRDA:99,23,0,0
BRDA:99,23,1,0
BRF:50
BRH:0
end_of_record
TN:
SF:/Users/vivek/ws/blueocean/blueocean-dashboard/src/main/js/creation/github/steps/GithubUnknownErrorStep.jsx
FN:1,(anonymous_0)
FN:1,(anonymous_1)
FN:1,defineProperties
FN:1,(anonymous_3)
FN:4,_interopRequireDefault
FN:4,_classCallCheck
FN:4,_possibleConstructorReturn
FN:4,_inherits
FN:7,(anonymous_8)
FN:7,GithubUnknownErrorStep
FN:7,render
FNF:11
FNH:0
FNDA:0,(anonymous_0)
FNDA:0,(anonymous_1)
FNDA:0,defineProperties
FNDA:0,(anonymous_3)
FNDA:0,_interopRequireDefault
FNDA:0,_classCallCheck
FNDA:0,_possibleConstructorReturn
FNDA:0,_inherits
FNDA:0,(anonymous_8)
FNDA:0,GithubUnknownErrorStep
FNDA:0,render
DA:1,0
DA:2,0
DA:4,0
DA:7,0
DA:10,0
DA:21,0
DA:25,0
LF:7
LH:0
BRDA:1,0,0,0
BRDA:1,0,1,0
BRDA:1,1,0,0
BRDA:1,1,1,0
BRDA:1,2,0,0
BRDA:1,2,1,0
BRDA:1,3,0,0
BRDA:1,3,1,0
BRDA:1,4,0,0
BRDA:1,4,1,0
BRDA:1,5,0,0
BRDA:1,5,1,0
BRDA:4,6,0,0
BRDA:4,6,1,0
BRDA:4,7,0,0
BRDA:4,7,1,0
BRDA:4,8,0,0
BRDA:4,8,1,0
BRDA:4,9,0,0
BRDA:4,9,1,0
BRDA:4,10,0,0
BRDA:4,10,1,0
BRDA:4,11,0,0
BRDA:4,11,1,0
BRDA:4,11,2,0
BRDA:4,12,0,0
BRDA:4,12,1,0
BRDA:4,13,0,0
BRDA:4,13,1,0
BRDA:4,14,0,0
BRDA:4,14,1,0
BRDA:4,15,0,0
BRDA:4,15,1,0
BRDA:4,16,0,0
BRDA:4,16,1,0
BRDA:7,17,0,0
BRDA:7,17,1,0
BRDA:7,18,0,0
BRDA:7,18,1,0
BRF:39
BRH:0
end_of_record
TN:
SF:/Users/vivek/ws/blueocean/blueocean-dashboard/src/main/js/redux/actions.js
FN:25,_mapQueueToPsuedoRun
FN:44,tryToFixRunState
FN:49,(anonymous_2)
FN:115,(anonymous_3)
FN:130,(anonymous_4)
FN:166,(anonymous_5)
FN:167,(anonymous_6)
FN:179,parseMoreDataHeader
FN:207,fetchLogsInjectStart
FN:224,dispatchFindAndUpdate
FN:243,clone
FN:248,(anonymous_11)
FN:250,(anonymous_12)
FN:257,(anonymous_13)
FN:269,(anonymous_14)
FN:289,(anonymous_15)
FN:295,(anonymous_16)
FN:305,(anonymous_17)
FN:311,(anonymous_18)
FN:317,(anonymous_19)
FN:322,(anonymous_20)
FN:332,(anonymous_21)
FN:336,(anonymous_22)
FN:347,(anonymous_23)
FN:351,(anonymous_24)
FN:364,(anonymous_25)
FN:367,(anonymous_26)
FN:376,(anonymous_27)
FN:452,(anonymous_28)
FN:464,(anonymous_29)
FN:485,matchesEvent
FN:489,(anonymous_31)
FN:492,(anonymous_32)
FN:502,(anonymous_33)
FN:505,(anonymous_34)
FN:525,(anonymous_35)
FN:527,(anonymous_36)
FN:540,(anonymous_37)
FN:543,(anonymous_38)
FN:552,(anonymous_39)
FN:559,(anonymous_40)
FN:580,(anonymous_41)
FN:594,(anonymous_42)
FN:597,(anonymous_43)
FN:601,(anonymous_44)
FN:609,(anonymous_45)
FN:613,(anonymous_46)
FN:615,(anonymous_47)
FN:638,(anonymous_48)
FN:652,(anonymous_49)
FN:656,getNodeAndSteps
FN:660,(anonymous_51)
FN:672,(anonymous_52)
FN:687,(anonymous_53)
FN:705,(anonymous_54)
FN:711,(anonymous_55)
FN:720,(anonymous_56)
FN:731,(anonymous_57)
FN:736,(anonymous_58)
FN:757,(anonymous_59)
FN:769,(anonymous_60)
FN:779,(anonymous_61)
FN:795,(anonymous_62)
FN:796,(anonymous_63)
FN:821,(anonymous_64)
FNF:65
FNH:18
FNDA:0,_mapQueueToPsuedoRun
FNDA:0,tryToFixRunState
FNDA:0,(anonymous_2)
FNDA:0,(anonymous_3)
FNDA:0,(anonymous_4)
FNDA:0,(anonymous_5)
FNDA:0,(anonymous_6)
FNDA:1,parseMoreDataHeader
FNDA:1,fetchLogsInjectStart
FNDA:2,dispatchFindAndUpdate
FNDA:3,clone
FNDA:0,(anonymous_11)
FNDA:0,(anonymous_12)
FNDA:0,(anonymous_13)
FNDA:0,(anonymous_14)
FNDA:0,(anonymous_15)
FNDA:0,(anonymous_16)
FNDA:0,(anonymous_17)
FNDA:0,(anonymous_18)
FNDA:0,(anonymous_19)
FNDA:0,(anonymous_20)
FNDA:0,(anonymous_21)
FNDA:0,(anonymous_22)
FNDA:0,(anonymous_23)
FNDA:0,(anonymous_24)
FNDA:0,(anonymous_25)
FNDA:0,(anonymous_26)
FNDA:4,(anonymous_27)
FNDA:0,(anonymous_28)
FNDA:0,(anonymous_29)
FNDA:12,matchesEvent
FNDA:2,(anonymous_31)
FNDA:8,(anonymous_32)
FNDA:1,(anonymous_33)
FNDA:4,(anonymous_34)
FNDA:1,(anonymous_35)
FNDA:4,(anonymous_36)
FNDA:0,(anonymous_37)
FNDA:0,(anonymous_38)
FNDA:0,(anonymous_39)
FNDA:0,(anonymous_40)
FNDA:0,(anonymous_41)
FNDA:0,(anonymous_42)
FNDA:0,(anonymous_43)
FNDA:0,(anonymous_44)
FNDA:0,(anonymous_45)
FNDA:0,(anonymous_46)
FNDA:0,(anonymous_47)
FNDA:0,(anonymous_48)
FNDA:1,(anonymous_49)
FNDA:0,getNodeAndSteps
FNDA:0,(anonymous_51)
FNDA:0,(anonymous_52)
FNDA:0,(anonymous_53)
FNDA:0,(anonymous_54)
FNDA:0,(anonymous_55)
FNDA:0,(anonymous_56)
FNDA:1,(anonymous_57)
FNDA:1,(anonymous_58)
FNDA:0,(anonymous_59)
FNDA:0,(anonymous_60)
FNDA:1,(anonymous_61)
FNDA:1,(anonymous_62)
FNDA:1,(anonymous_63)
FNDA:0,(anonymous_64)
DA:15,3
DA:26,0
DA:27,0
DA:41,0
DA:45,0
DA:49,0
DA:50,0
DA:51,0
DA:58,0
DA:63,0
DA:67,3
DA:90,3
DA:92,0
DA:93,0
DA:94,0
DA:96,0
DA:99,0
DA:103,0
DA:106,0
DA:109,0
DA:112,0
DA:115,0
DA:118,0
DA:121,0
DA:124,0
DA:125,0
DA:126,0
DA:129,0
DA:130,0
DA:131,0
DA:132,0
DA:136,0
DA:139,0
DA:142,0
DA:145,0
DA:148,0
DA:149,0
DA:150,0
DA:153,0
DA:154,0
DA:155,0
DA:158,0
DA:159,0
DA:161,0
DA:164,0
DA:165,0
DA:166,0
DA:167,0
DA:168,0
DA:171,0
DA:172,0
DA:173,0
DA:175,0
DA:180,1
DA:185,1
DA:190,0
DA:192,1
DA:193,1
DA:207,3
DA:209,1
DA:210,1
DA:212,0
DA:214,1
DA:225,2
DA:244,3
DA:247,3
DA:248,0
DA:250,0
DA:257,0
DA:258,0
DA:259,0
DA:269,0
DA:270,0
DA:271,0
DA:273,0
DA:277,0
DA:289,0
DA:291,0
DA:293,0
DA:294,0
DA:296,0
DA:305,0
DA:311,0
DA:317,0
DA:320,0
DA:321,0
DA:323,0
DA:332,0
DA:334,0
DA:335,0
DA:337,0
DA:347,0
DA:349,0
DA:350,0
DA:352,0
DA:364,0
DA:365,0
DA:367,0
DA:376,4
DA:377,4
DA:378,4
DA:379,4
DA:382,4
DA:388,4
DA:389,4
DA:390,1
DA:391,1
DA:395,0
DA:397,1
DA:400,1
DA:402,0
DA:403,0
DA:409,3
DA:413,3
DA:414,3
DA:415,3
DA:416,3
DA:417,3
DA:419,0
DA:420,0
DA:424,3
DA:432,3
DA:433,3
DA:435,3
DA:436,3
DA:438,3
DA:440,1
DA:442,3
DA:452,0
DA:454,0
DA:455,0
DA:456,0
DA:457,0
DA:460,0
DA:461,0
DA:462,0
DA:464,0
DA:465,0
DA:468,0
DA:470,0
DA:472,0
DA:474,0
DA:486,12
DA:489,2
DA:490,2
DA:491,2
DA:492,2
DA:493,8
DA:494,2
DA:495,2
DA:498,2
DA:499,2
DA:500,2
DA:501,2
DA:503,1
DA:504,1
DA:505,1
DA:506,4
DA:507,1
DA:508,1
DA:520,0
DA:522,3
DA:527,1
DA:528,4
DA:529,1
DA:531,3
DA:533,1
DA:540,0
DA:541,0
DA:542,0
DA:543,0
DA:544,0
DA:545,0
DA:546,0
DA:547,0
DA:550,0
DA:551,0
DA:552,0
DA:553,0
DA:554,0
DA:555,0
DA:556,0
DA:559,0
DA:560,0
DA:561,0
DA:562,0
DA:570,0
DA:572,0
DA:580,0
DA:584,0
DA:585,0
DA:594,0
DA:598,0
DA:599,0
DA:601,0
DA:609,0
DA:610,0
DA:611,0
DA:614,0
DA:615,0
DA:616,0
DA:617,0
DA:618,0
DA:621,0
DA:623,0
DA:628,0
DA:631,0
DA:639,0
DA:652,1
DA:653,1
DA:654,1
DA:659,0
DA:660,0
DA:661,0
DA:662,0
DA:664,0
DA:665,0
DA:667,0
DA:670,0
DA:672,0
DA:673,0
DA:677,0
DA:681,0
DA:682,0
DA:685,1
DA:686,1
DA:688,0
DA:689,0
DA:691,0
DA:696,0
DA:700,0
DA:705,0
DA:706,0
DA:707,0
DA:708,0
DA:709,0
DA:711,0
DA:712,0
DA:720,0
DA:731,1
DA:732,1
DA:733,1
DA:734,1
DA:735,1
DA:737,1
DA:738,1
DA:741,1
DA:747,0
DA:757,0
DA:769,0
DA:779,1
DA:780,1
DA:781,1
DA:782,1
DA:783,1
DA:785,1
DA:786,1
DA:792,1
DA:795,1
DA:798,1
DA:799,1
DA:801,1
DA:804,1
DA:805,0
DA:807,1
DA:808,1
DA:813,1
DA:814,1
DA:816,1
DA:821,0
DA:824,0
LF:271
LH:94
BRDA:26,0,0,0
BRDA:26,0,1,0
BRDA:45,1,0,0
BRDA:45,1,1,0
BRDA:49,2,0,0
BRDA:49,2,1,0
BRDA:49,3,0,0
BRDA:49,3,1,0
BRDA:49,3,2,0
BRDA:50,4,0,0
BRDA:50,4,1,0
BRDA:52,5,0,0
BRDA:52,5,1,0
BRDA:92,6,0,0
BRDA:92,6,1,0
BRDA:93,7,0,0
BRDA:93,7,1,0
BRDA:124,8,0,0
BRDA:124,8,1,0
BRDA:129,9,0,0
BRDA:129,9,1,0
BRDA:148,10,0,0
BRDA:148,10,1,0
BRDA:153,11,0,0
BRDA:153,11,1,0
BRDA:158,12,0,0
BRDA:158,12,1,0
BRDA:164,13,0,0
BRDA:164,13,1,0
BRDA:172,14,0,0
BRDA:172,14,1,0
BRDA:185,15,0,0
BRDA:185,15,1,1
BRDA:209,16,0,1
BRDA:209,16,1,0
BRDA:258,17,0,0
BRDA:258,17,1,0
BRDA:271,18,0,0
BRDA:271,18,1,0
BRDA:271,19,0,0
BRDA:271,19,1,0
BRDA:271,19,2,0
BRDA:378,20,0,4
BRDA:378,20,1,4
BRDA:378,20,2,0
BRDA:382,21,0,4
BRDA:382,21,1,0
BRDA:382,22,0,4
BRDA:382,22,1,4
BRDA:391,23,0,0
BRDA:391,23,1,1
BRDA:391,24,0,1
BRDA:391,24,1,1
BRDA:397,25,0,1
BRDA:397,25,1,0
BRDA:402,26,0,0
BRDA:402,26,1,0
BRDA:415,27,0,3
BRDA:415,27,1,0
BRDA:438,28,0,1
BRDA:438,28,1,2
BRDA:454,29,0,0
BRDA:454,29,1,0
BRDA:456,30,0,0
BRDA:456,30,1,0
BRDA:456,30,2,0
BRDA:460,31,0,0
BRDA:460,31,1,0
BRDA:460,32,0,0
BRDA:460,32,1,0
BRDA:470,33,0,0
BRDA:470,33,1,0
BRDA:486,34,0,12
BRDA:486,34,1,9
BRDA:486,34,2,0
BRDA:486,34,3,0
BRDA:486,34,4,0
BRDA:493,35,0,2
BRDA:493,35,1,6
BRDA:493,36,0,8
BRDA:493,36,1,8
BRDA:498,37,0,2
BRDA:498,37,1,0
BRDA:503,38,0,0
BRDA:503,38,1,1
BRDA:506,39,0,1
BRDA:506,39,1,3
BRDA:507,40,0,1
BRDA:507,40,1,0
BRDA:528,41,0,1
BRDA:528,41,1,3
BRDA:529,42,0,0
BRDA:529,42,1,1
BRDA:545,43,0,0
BRDA:545,43,1,0
BRDA:545,44,0,0
BRDA:545,44,1,0
BRDA:545,44,2,0
BRDA:545,44,3,0
BRDA:550,45,0,0
BRDA:550,45,1,0
BRDA:553,46,0,0
BRDA:553,46,1,0
BRDA:554,47,0,0
BRDA:554,47,1,0
BRDA:560,48,0,0
BRDA:560,48,1,0
BRDA:560,49,0,0
BRDA:560,49,1,0
BRDA:560,49,2,0
BRDA:561,50,0,0
BRDA:561,50,1,0
BRDA:566,51,0,0
BRDA:566,51,1,0
BRDA:584,52,0,0
BRDA:584,52,1,0
BRDA:598,53,0,0
BRDA:598,53,1,0
BRDA:598,54,0,0
BRDA:598,54,1,0
BRDA:610,55,0,0
BRDA:610,55,1,0
BRDA:610,56,0,0
BRDA:610,56,1,0
BRDA:614,57,0,0
BRDA:614,57,1,0
BRDA:614,58,0,0
BRDA:614,58,1,0
BRDA:616,59,0,0
BRDA:616,59,1,0
BRDA:659,60,0,0
BRDA:659,60,1,0
BRDA:661,61,0,0
BRDA:661,61,1,0
BRDA:664,62,0,0
BRDA:664,62,1,0
BRDA:670,63,0,0
BRDA:670,63,1,0
BRDA:685,64,0,1
BRDA:685,64,1,0
BRDA:685,65,0,1
BRDA:685,65,1,0
BRDA:685,65,2,0
BRDA:708,66,0,0
BRDA:708,66,1,0
BRDA:708,67,0,0
BRDA:708,67,1,0
BRDA:708,67,2,0
BRDA:734,68,0,1
BRDA:734,68,1,0
BRDA:734,69,0,1
BRDA:734,69,1,0
BRDA:734,69,2,0
BRDA:782,70,0,1
BRDA:782,70,1,0
BRDA:786,71,0,1
BRDA:786,71,1,0
BRDA:787,72,0,1
BRDA:787,72,1,1
BRDA:787,72,2,1
BRDA:787,72,3,0
BRDA:787,72,4,0
BRDA:787,72,5,0
BRDA:787,72,6,0
BRDA:787,72,7,0
BRDA:794,73,0,1
BRDA:794,73,1,1
BRDA:804,74,0,0
BRDA:804,74,1,1
BRDA:813,75,0,1
BRDA:813,75,1,0
BRDA:813,76,0,1
BRDA:813,76,1,1
BRF:173
BRH:43
end_of_record
TN:
SF:/Users/vivek/ws/blueocean/blueocean-dashboard/src/main/js/redux/index.js
FNF:0
FNH:0
LF:0
LH:0
BRF:0
BRH:0
end_of_record
TN:
SF:/Users/vivek/ws/blueocean/blueocean-dashboard/src/main/js/redux/reducer.js
FN:5,(anonymous_0)
FN:6,(anonymous_1)
FN:7,(anonymous_2)
FN:8,(anonymous_3)
FN:9,(anonymous_4)
FN:10,(anonymous_5)
FN:11,(anonymous_6)
FN:12,(anonymous_7)
FN:13,(anonymous_8)
FN:14,(anonymous_9)
FN:15,(anonymous_10)
FN:16,(anonymous_11)
FN:17,(anonymous_12)
FN:18,(anonymous_13)
FN:19,(anonymous_14)
FN:20,(anonymous_15)
FN:21,(anonymous_16)
FN:22,(anonymous_17)
FN:24,(anonymous_18)
FN:33,reducer
FNF:20
FNH:0
FNDA:0,(anonymous_0)
FNDA:0,(anonymous_1)
FNDA:0,(anonymous_2)
FNDA:0,(anonymous_3)
FNDA:0,(anonymous_4)
FNDA:0,(anonymous_5)
FNDA:0,(anonymous_6)
FNDA:0,(anonymous_7)
FNDA:0,(anonymous_8)
FNDA:0,(anonymous_9)
FNDA:0,(anonymous_10)
FNDA:0,(anonymous_11)
FNDA:0,(anonymous_12)
FNDA:0,(anonymous_13)
FNDA:0,(anonymous_14)
FNDA:0,(anonymous_15)
FNDA:0,(anonymous_16)
FNDA:0,(anonymous_17)
FNDA:0,(anonymous_18)
FNDA:0,reducer
DA:5,2
DA:6,2
DA:7,2
DA:8,2
DA:9,2
DA:10,2
DA:11,2
DA:12,2
DA:13,2
DA:14,2
DA:15,2
DA:16,2
DA:17,2
DA:18,2
DA:19,2
DA:20,2
DA:21,2
DA:22,2
DA:23,2
DA:25,0
DA:26,0
DA:28,0
DA:34,0
DA:35,0
DA:36,0
DA:38,0
LF:26
LH:19
BRDA:25,0,0,0
BRDA:25,0,1,0
BRDA:25,1,0,0
BRDA:25,1,1,0
BRDA:33,2,0,0
BRDA:35,3,0,0
BRDA:35,3,1,0
BRF:7
BRH:0
end_of_record
TN:
SF:/Users/vivek/ws/blueocean/blueocean-dashboard/src/main/js/util/KaraokeHelper.js
FN:8,calculateNode
FNF:1
FNH:1
FNDA:1,calculateNode
DA:9,1
DA:11,1
DA:13,1
DA:14,1
DA:15,1
DA:16,1
DA:17,1
DA:18,1
DA:20,0
LF:9
LH:8
BRDA:11,0,0,1
BRDA:11,0,1,0
BRF:2
BRH:1
end_of_record
TN:
SF:/Users/vivek/ws/blueocean/blueocean-dashboard/src/main/js/util/UpdateGetParam.js
FN:8,updateGetParamm
FNF:1
FNH:0
FNDA:0,updateGetParamm
DA:9,0
DA:12,0
DA:13,0
DA:14,0
DA:15,0
DA:17,0
DA:22,0
DA:23,0
DA:26,0
LF:9
LH:0
BRDA:13,0,0,0
BRDA:13,0,1,0
BRDA:14,1,0,0
BRDA:14,1,1,0
BRDA:15,2,0,0
BRDA:15,2,1,0
BRDA:22,3,0,0
BRDA:22,3,1,0
BRF:8
BRH:0
end_of_record
TN:
SF:/Users/vivek/ws/blueocean/blueocean-dashboard/src/main/js/util/UrlUtils.js
FNF:0
FNH:0
LF:0
LH:0
BRF:0
BRH:0
end_of_record
TN:
SF:/Users/vivek/ws/blueocean/blueocean-dashboard/src/main/js/util/compose.js
FN:21,compose
FN:24,(anonymous_1)
FNF:2
FNH:0
FNDA:0,compose
FNDA:0,(anonymous_1)
DA:1,0
DA:21,0
DA:24,0
LF:3
LH:0
BRDA:22,0,0,0
BRDA:22,0,1,0
BRF:2
BRH:0
end_of_record
TN:
SF:/Users/vivek/ws/blueocean/blueocean-dashboard/src/main/js/util/dedupe-calls.js
FN:7,(anonymous_0)
FN:23,(anonymous_1)
FN:27,(anonymous_2)
FN:31,(anonymous_3)
FN:48,dedupe
FNF:5
FNH:1
FNDA:4,(anonymous_0)
FNDA:0,(anonymous_1)
FNDA:0,(anonymous_2)
FNDA:0,(anonymous_3)
FNDA:0,dedupe
DA:13,4
DA:25,0
DA:28,0
DA:29,0
DA:32,0
DA:33,0
DA:39,4
DA:49,0
LF:8
LH:2
BRDA:25,0,0,0
BRDA:25,0,1,0
BRF:2
BRH:0
end_of_record
TN:
SF:/Users/vivek/ws/blueocean/blueocean-dashboard/src/main/js/util/find-and-update.js
FN:12,_findAndUpdate
FN:34,(anonymous_1)
FN:97,findAndUpdate
FNF:3
FNH:3
FNDA:24,_findAndUpdate
FNDA:4,(anonymous_1)
FNDA:4,findAndUpdate
DA:9,3
DA:13,24
DA:14,8
DA:16,16
DA:17,16
DA:18,16
DA:19,0
DA:20,0
DA:21,0
DA:23,0
DA:25,16
DA:26,16
DA:27,2
DA:28,2
DA:29,2
DA:31,14
DA:32,4
DA:33,4
DA:34,4
DA:35,4
DA:36,4
DA:37,4
DA:38,4
DA:39,4
DA:40,2
DA:41,2
DA:43,2
DA:45,4
DA:46,2
DA:47,2
DA:48,2
DA:50,10
DA:51,0
DA:52,0
DA:53,0
DA:54,0
DA:55,0
DA:56,0
DA:57,0
DA:58,0
DA:59,0
DA:60,0
DA:63,0
DA:64,0
DA:65,0
DA:66,0
DA:69,10
DA:70,10
DA:71,10
DA:72,16
DA:73,16
DA:74,16
DA:75,16
DA:76,16
DA:77,4
DA:78,4
DA:79,4
DA:80,4
DA:84,10
DA:85,4
DA:86,4
DA:87,4
DA:90,8
DA:98,4
DA:99,4
DA:100,4
DA:101,4
DA:105,16
DA:106,16
DA:107,0
DA:108,0
DA:109,0
DA:111,0
DA:113,16
DA:114,16
DA:115,16
DA:118,8
DA:119,8
DA:120,0
DA:122,8
DA:125,4
DA:126,4
DA:128,0
LF:83
LH:59
BRDA:13,0,0,8
BRDA:13,0,1,16
BRDA:13,1,0,24
BRDA:13,1,1,24
BRDA:13,1,2,24
BRDA:13,1,3,24
BRDA:18,2,0,0
BRDA:18,2,1,16
BRDA:20,3,0,0
BRDA:20,3,1,0
BRDA:26,4,0,2
BRDA:26,4,1,14
BRDA:31,5,0,4
BRDA:31,5,1,10
BRDA:31,6,0,14
BRDA:31,6,1,10
BRDA:39,7,0,2
BRDA:39,7,1,2
BRDA:45,8,0,2
BRDA:45,8,1,2
BRDA:47,9,0,2
BRDA:47,9,1,0
BRDA:48,10,0,2
BRDA:48,10,1,0
BRDA:50,11,0,0
BRDA:50,11,1,10
BRDA:58,12,0,0
BRDA:58,12,1,0
BRDA:63,13,0,0
BRDA:63,13,1,0
BRDA:72,14,0,16
BRDA:72,14,1,0
BRDA:76,15,0,4
BRDA:76,15,1,12
BRDA:84,16,0,4
BRDA:84,16,1,6
BRDA:106,17,0,0
BRDA:106,17,1,16
BRDA:108,18,0,0
BRDA:108,18,1,0
BRDA:119,19,0,0
BRDA:119,19,1,8
BRDA:125,20,0,4
BRDA:125,20,1,2
BRDA:126,21,0,4
BRDA:126,21,1,2
BRF:46
BRH:31
end_of_record
TN:
SF:/Users/vivek/ws/blueocean/blueocean-dashboard/src/main/js/util/logDisplayHelper.js
FN:16,isRunningNode
FN:20,(anonymous_1)
FN:24,(anonymous_2)
FN:25,(anonymous_3)
FN:28,(anonymous_4)
FN:29,(anonymous_5)
FN:31,(anonymous_6)
FN:32,(anonymous_7)
FN:35,(anonymous_8)
FN:44,(anonymous_9)
FN:46,(anonymous_10)
FN:53,(anonymous_11)
FN:63,(anonymous_12)
FNF:13
FNH:13
FNDA:166,isRunningNode
FNDA:15,(anonymous_1)
FNDA:166,(anonymous_2)
FNDA:6,(anonymous_3)
FNDA:166,(anonymous_4)
FNDA:10,(anonymous_5)
FNDA:166,(anonymous_6)
FNDA:110,(anonymous_7)
FNDA:166,(anonymous_8)
FNDA:166,(anonymous_9)
FNDA:16,(anonymous_10)
FNDA:16,(anonymous_11)
FNDA:20,(anonymous_12)
DA:4,4
DA:10,4
DA:17,166
DA:20,4
DA:23,15
DA:24,166
DA:25,6
DA:27,15
DA:28,166
DA:29,10
DA:30,15
DA:31,166
DA:32,110
DA:34,15
DA:35,166
DA:37,15
DA:38,15
DA:42,15
DA:43,15
DA:44,15
DA:45,166
DA:46,16
DA:47,166
DA:48,166
DA:52,166
DA:53,16
DA:56,166
DA:57,166
DA:58,166
DA:60,16
DA:62,166
DA:63,20
DA:64,166
DA:65,166
DA:66,166
DA:67,166
DA:68,166
DA:69,166
DA:70,166
DA:92,166
DA:93,150
DA:95,166
DA:96,1
DA:97,1
DA:99,166
DA:100,8
DA:101,8
DA:103,166
DA:104,0
DA:106,166
DA:110,15
DA:111,2
DA:114,15
DA:120,15
DA:121,6
DA:123,9
DA:125,15
DA:126,6
DA:127,9
DA:128,4
DA:130,15
LF:61
LH:60
BRDA:17,0,0,166
BRDA:17,0,1,159
BRDA:24,1,0,166
BRDA:24,1,1,7
BRDA:24,1,2,5
BRDA:31,2,0,166
BRDA:31,2,1,110
BRDA:35,3,0,166
BRDA:35,3,1,110
BRDA:42,4,0,15
BRDA:42,4,1,11
BRDA:45,5,0,7
BRDA:45,5,1,159
BRDA:45,6,0,166
BRDA:45,6,1,141
BRDA:52,7,0,7
BRDA:52,7,1,159
BRDA:52,8,0,166
BRDA:52,8,1,141
BRDA:58,9,0,16
BRDA:58,9,1,150
BRDA:62,10,0,110
BRDA:62,10,1,56
BRDA:65,11,0,166
BRDA:65,11,1,162
BRDA:66,12,0,52
BRDA:66,12,1,114
BRDA:67,13,0,166
BRDA:67,13,1,0
BRDA:69,14,0,1
BRDA:69,14,1,165
BRDA:72,15,0,166
BRDA:72,15,1,2
BRDA:77,16,0,166
BRDA:77,16,1,1
BRDA:78,17,0,166
BRDA:78,17,1,113
BRDA:79,18,0,166
BRDA:79,18,1,110
BRDA:80,19,0,166
BRDA:80,19,1,110
BRDA:81,20,0,166
BRDA:81,20,1,110
BRDA:83,21,0,0
BRDA:83,21,1,166
BRDA:92,22,0,150
BRDA:92,22,1,16
BRDA:95,23,0,1
BRDA:95,23,1,165
BRDA:99,24,0,8
BRDA:99,24,1,158
BRDA:99,25,0,166
BRDA:99,25,1,160
BRDA:99,25,2,10
BRDA:99,25,3,7
BRDA:99,25,4,12
BRDA:103,26,0,0
BRDA:103,26,1,166
BRDA:110,27,0,2
BRDA:110,27,1,13
BRDA:110,28,0,15
BRDA:110,28,1,2
BRDA:110,28,2,2
BRDA:120,29,0,6
BRDA:120,29,1,9
BRDA:125,30,0,6
BRDA:125,30,1,9
BRDA:127,31,0,4
BRDA:127,31,1,5
BRF:69
BRH:66
end_of_record
TN:
SF:/Users/vivek/ws/blueocean/blueocean-dashboard/src/main/js/util/push-event-util.js
FN:10,(anonymous_0)
FNF:1
FNH:0
FNDA:0,(anonymous_0)
DA:10,0
DA:11,0
DA:14,0
DA:17,0
LF:4
LH:0
BRF:0
BRH:0
end_of_record
TN:
SF:/Users/vivek/ws/blueocean/blueocean-dashboard/src/main/js/util/smart-fetch.js
FN:15,(anonymous_0)
FN:31,(anonymous_1)
FN:43,fetch
FN:54,(anonymous_3)
FN:56,(anonymous_4)
FN:58,(anonymous_5)
FN:62,(anonymous_6)
FN:70,(anonymous_7)
FN:77,applyFetchMarkers
FN:100,assignObj
FN:101,map
FN:113,(anonymous_11)
FN:124,(anonymous_12)
FN:127,(anonymous_13)
FN:130,(anonymous_14)
FN:133,(anonymous_15)
FN:139,(anonymous_16)
FN:141,(anonymous_17)
FN:144,(anonymous_18)
FN:159,(anonymous_19)
FN:171,defaultArrayConcatenator
FN:193,paginate
FN:202,(anonymous_22)
FNF:23
FNH:2
FNDA:0,(anonymous_0)
FNDA:0,(anonymous_1)
FNDA:0,fetch
FNDA:0,(anonymous_3)
FNDA:0,(anonymous_4)
FNDA:0,(anonymous_5)
FNDA:0,(anonymous_6)
FNDA:0,(anonymous_7)
FNDA:3,applyFetchMarkers
FNDA:3,assignObj
FNDA:0,map
FNDA:0,(anonymous_11)
FNDA:0,(anonymous_12)
FNDA:0,(anonymous_13)
FNDA:0,(anonymous_14)
FNDA:0,(anonymous_15)
FNDA:0,(anonymous_16)
FNDA:0,(anonymous_17)
FNDA:0,(anonymous_18)
FNDA:0,(anonymous_19)
FNDA:0,defaultArrayConcatenator
FNDA:0,paginate
FNDA:0,(anonymous_22)
DA:1,4
DA:2,4
DA:10,4
DA:15,4
DA:16,0
DA:17,0
DA:18,0
DA:19,0
DA:20,0
DA:21,0
DA:25,0
DA:31,4
DA:32,0
DA:33,0
DA:34,0
DA:35,0
DA:44,0
DA:45,0
DA:46,0
DA:47,0
DA:48,0
DA:50,0
DA:51,0
DA:52,0
DA:53,0
DA:54,0
DA:55,0
DA:56,0
DA:59,0
DA:60,0
DA:63,0
DA:64,0
DA:69,0
DA:70,0
DA:79,3
DA:80,3
DA:81,3
DA:82,3
DA:83,3
DA:84,0
DA:91,0
DA:92,0
DA:95,3
DA:97,3
DA:101,3
DA:102,0
DA:103,0
DA:104,0
DA:106,3
DA:107,0
DA:109,3
DA:114,0
DA:115,0
DA:116,0
DA:117,0
DA:118,0
DA:119,0
DA:120,0
DA:121,0
DA:122,0
DA:125,0
DA:128,0
DA:131,0
DA:134,0
DA:136,0
DA:137,0
DA:138,0
DA:139,0
DA:140,0
DA:141,0
DA:145,0
DA:147,0
DA:148,0
DA:149,0
DA:150,0
DA:156,0
DA:157,0
DA:160,0
DA:161,0
DA:172,0
DA:173,0
DA:175,0
DA:176,0
DA:178,0
DA:194,0
DA:195,0
DA:196,0
DA:197,0
DA:201,0
DA:202,0
LF:90
LH:15
BRDA:19,0,0,0
BRDA:19,0,1,0
BRDA:20,1,0,0
BRDA:20,1,1,0
BRDA:46,2,0,0
BRDA:46,2,1,0
BRDA:46,3,0,0
BRDA:46,3,1,0
BRDA:50,4,0,0
BRDA:50,4,1,0
BRDA:55,5,0,0
BRDA:55,5,1,0
BRDA:79,6,0,3
BRDA:79,6,1,0
BRDA:83,7,0,0
BRDA:83,7,1,3
BRDA:106,8,0,0
BRDA:106,8,1,3
BRDA:122,9,0,0
BRDA:122,9,1,0
BRDA:154,10,0,0
BRDA:154,10,1,0
BRDA:172,11,0,0
BRDA:172,11,1,0
BRDA:175,12,0,0
BRDA:175,12,1,0
BRDA:178,13,0,0
BRDA:178,13,1,0
BRDA:193,14,0,0
BRDA:193,15,0,0
BRDA:193,16,0,0
BRDA:194,17,0,0
BRDA:194,17,1,0
BRF:33
BRH:3
end_of_record
