<?xml version="1.0" encoding="UTF-8"?>
<testsuite xmlns:xsi="http://www.w3.org/2001/XMLSchema-instance" xsi:schemaLocation="https://maven.apache.org/surefire/maven-surefire-plugin/xsd/surefire-test-report.xsd" name="io.jenkins.blueocean.commons.ExportTest" time="0.614" tests="1" errors="0" skipped="0" failures="0">
  <properties>
[...]
</properties>
  <testcase name="test_json" classname="io.jenkins.blueocean.commons.ExportTest" time="0.498">
    <system-out>success_stdout_msg
      success_stdout_msg
      success_stdout_msg
    </system-out>
    <system-err>success_stderr_msg
      success_stderr_msg
      success_stderr_msg
      success_stderr_msg
      success_stderr_msg
    </system-err>
  </testcase>
</testsuite>