<?xml version="1.0" encoding="UTF-8" ?>
<testsuite tests="1" failures="0" name="io.blueocean.TestResults.StdOut" time="0.004" errors="1" skipped="0">
  <properties>
[...]
</properties>
  <testcase classname="io.blueocean.TestResults.StdOut" name="testCase" time="0.004">
    <error type="java.lang.InterruptedException">java.lang.InterruptedException
	at io.blueocean.TestResults.testCase(TestResults.java:36)
</error>
    <system-out>stdout msg
</system-out>
    <system-err>stderrt msg
stderrt msg
  stderrt msg
	stderrt msg
		stderrt msg
</system-err>
  </testcase>
</testsuite>