<?xml version="1.0" encoding="UTF-8" ?>
<testsuite tests="6" failures="0" name="failure.TestThisWontFail" time="0" errors="0" skipped="0">
  <properties>
[...]
</properties>
  <testcase classname="failure.TestThisWontFail" name="aPassingTest2" time="0"/>
  <testcase classname="failure.TestThisWontFail" name="aPassingTest3" time="0"/>
  <testcase classname="failure.TestThisWontFail" name="aPassingTest4" time="0"/>
  <testcase classname="failure.TestThisWontFail" name="aPassingTest5" time="0"/>
  <testcase classname="failure.TestThisWontFail" name="aPassingTest6" time="0"/>
  <testcase classname="failure.TestThisWontFail" name="aPassingTest" time="0"/>
</testsuite>